This is LuaHBTeX, Version 1.12.0 (TeX Live 2020/Debian)  (format=lualatex 2021.10.4)  1 SEP 2022 14:40
 restricted system commands enabled.
**LIVRO.tex
(./LIVRO.tex
LaTeX2e <2020-02-02> patch level 5
Lua module: luaotfload-main 2020-05-06 3.14 luaotfload entry point
Lua module: luaotfload-init 2020-05-06 3.14 luaotfload submodule / initializatio
n
Lua module: lualibs 2020-05-01 2.71 ConTeXt Lua standard libraries.
Lua module: lualibs-extended 2020-05-01 2.71 ConTeXt Lua libraries -- extended c
ollection.
Lua module: luaotfload-log 2020-05-06 3.14 luaotfload submodule / logging
Lua module: luaotfload-parsers 2020-05-06 3.14 luaotfload submodule / filelist
Lua module: luaotfload-configuration 2020-05-06 3.14 luaotfload submodule / conf
ig file reader
luaotfload | conf : Root cache directory is "/home/editorial/.texlive2020/texmf-
var/luatex-cache/generic-dev/names".
luaotfload | init : Loading fontloader "fontloader-2020-05-06.lua" from kpse-res
olved path "/usr/share/texlive/texmf-dist/tex/luatex/luaotfload/fontloader-2020-
05-06.lua".
Lua-only attribute luaotfload@noligature = 1
Lua-only attribute luaotfload@syllabe = 2
luaotfload | init : Context OpenType loader version 0x1.8e353f7ced917p+1
Lua module: luaotfload-fallback 2020-05-06 3.14 luaotfload submodule / fallback
Lua module: luaotfload-multiscript 2020-05-06 3.14 luaotfload submodule / multis
cript
Lua module: luaotfload-script 2020-05-06 3.14 luaotfload submodule / Script help
ers
Inserting `luaotfload.node_processor' at position 1 in `pre_linebreak_filter'.
Inserting `luaotfload.node_processor' at position 1 in `hpack_filter'.
Lua module: luaotfload-loaders 2020-05-06 3.14 luaotfload submodule / callback h
andling
Inserting `luaotfload.define_font' at position 1 in `define_font'.
Lua module: luaotfload-database 2020-05-06 3.14 luaotfload submodule / database
Lua module: luaotfload-unicode 2020-05-06 3.14 luaotfload submodule / Unicode he
lpers
Lua module: luaotfload-colors 2020-05-06 3.14 luaotfload submodule / color
Lua-only attribute luaotfload_color_attribute = 3
Lua module: luaotfload-resolvers 2020-05-06 3.14 luaotfload submodule / resolver
s
luaotfload | conf : Root cache directory is "/home/editorial/.texlive2020/texmf-
var/luatex-cache/generic-dev/names".
Lua module: luaotfload-features 2020-05-06 3.14 luaotfload submodule / features
Lua module: luaotfload-harf-define 2020-05-06 3.14 luaotfload submodule / databa
se
Inserting `luaotfload.harf.strip_prefix' at position 1 in `find_opentype_file'.
Inserting `luaotfload.harf.strip_prefix' at position 1 in `find_truetype_file'.
Lua module: luaotfload-harf-plug 2020-05-06 3.14 luaotfload submodule / database
Inserting `Harf pre_output_filter callback' at position 1 in `pre_output_filter'
.
Inserting `Harf wrapup_run callback' at position 1 in `wrapup_run'.
Inserting `Harf finish_pdffile callback' at position 1 in `finish_pdffile'.
Inserting `Harf glyph_info callback' at position 1 in `glyph_info'.
Lua module: luaotfload-letterspace 2020-05-06 3.14 luaotfload submodule / color
Lua module: luaotfload-embolden 2020-05-06 3.14 luaotfload submodule / color
Lua module: luaotfload-notdef 2020-05-06 3.14 luaotfload submodule / color
Lua module: luaotfload-suppress 2020-05-06 3.14 luaotfload submodule / suppress
Lua module: luaotfload-szss 2020-05-06 3.14 luaotfload submodule / color
Lua module: luaotfload-auxiliary 2020-05-06 3.14 luaotfload submodule / auxiliar
y functions
Inserting `luaotfload.aux.set_sscale_dimens' at position 1 in `luaotfload.patch_
font'.
Inserting `luaotfload.aux.set_font_index' at position 2 in `luaotfload.patch_fon
t'.
Inserting `luaotfload.aux.patch_cambria_domh' at position 3 in `luaotfload.patch
_font'.
Inserting `luaotfload.aux.fixup_fontdata' at position 1 in `luaotfload.patch_fon
t_unsafe'.
Inserting `luaotfload.aux.set_capheight' at position 4 in `luaotfload.patch_font
'.
Inserting `luaotfload.aux.set_xheight' at position 5 in `luaotfload.patch_font'.
Lua module: luaotfload-tounicode 2020-05-06 3.14 luaotfload submodule / tounicod
e
Inserting `luaotfload.rewrite_fontname' at position 6 in `luaotfload.patch_font'
. L3 programming layer <2020-07-17>
(/usr/share/texlive/texmf-dist/tex/latex/memoir/memoir.cls
Document Class: memoir 2020/06/02 v3.7l configurable book, report, article docum
ent class
\onelineskip=\skip47
\lxvchars=\skip48
\xlvchars=\skip49
\@memcnta=\count164
\c@@memmarkcntra=\count165
LaTeX Info: Redefining \InputIfFileExists on input line 140.
(/usr/share/texlive/texmf-dist/tex/generic/iftex/iftex.sty
Package: iftex 2020/03/06 v1.0d TeX engine tests
)
\stockheight=\skip50
\stockwidth=\skip51
\trimtop=\skip52
\trimedge=\skip53

(/usr/share/texlive/texmf-dist/tex/latex/memoir/mem11.clo
File: mem11.clo 2008/01/30 v0.3 memoir class 11pt size option
luaotfload | db : Font names database loaded from /home/editorial/.texlive2020/t
exmf-var/luatex-cache/generic-dev/names/luaotfload-names.luc)
\binding=\skip54
\spinemargin=\skip55
\foremargin=\skip56
\uppermargin=\skip57
\lowermargin=\skip58
\headdrop=\skip59
\normalrulethickness=\skip60
\mem@maxheadheight=\skip61
\mem@maxfootheight=\skip62
\headwidth=\skip63
\c@storedpagenumber=\count166
\memPD=\dimen134
\m@mabparskip=\skip64
\thanksmarkwidth=\skip65
\thanksmarksep=\skip66
\droptitle=\skip67
\c@book=\count167
\c@part=\count168
\c@chapter=\count169
\c@section=\count170
\c@subsection=\count171
\c@subsubsection=\count172
\c@paragraph=\count173
\c@subparagraph=\count174
\beforechapskip=\skip68
\midchapskip=\skip69
\afterchapskip=\skip70
\chapindent=\skip71
\bottomsectionskip=\skip72
\secindent=\skip73
\beforesecskip=\skip74
\aftersecskip=\skip75
\subsecindent=\skip76
\beforesubsecskip=\skip77
\aftersubsecskip=\skip78
\subsubsecindent=\skip79
\beforesubsubsecskip=\skip80
\aftersubsubsecskip=\skip81
\paraindent=\skip82
\beforeparaskip=\skip83
\afterparaskip=\skip84
\subparaindent=\skip85
\beforesubparaskip=\skip86
\aftersubparaskip=\skip87
\pfbreakskip=\skip88
\c@@ppsavesec=\count175
\c@@ppsaveapp=\count176
\ragrparindent=\dimen135
\everylistparindent=\dimen136
\parsepi=\skip89
\topsepi=\skip90
\itemsepi=\skip91
\parsepii=\skip92
\topsepii=\skip93
\topsepiii=\skip94
\itemsepii=\skip95
\itemsepiii=\skip96
\partopsepii=\skip97
\partopsepiii=\skip98
\m@msavetopsep=\skip99
\m@msavepartopsep=\skip100
\@enLab=\toks15
\abstitleskip=\skip101
\absleftindent=\skip102
\abs@leftindent=\dimen137
\absrightindent=\skip103
\absparindent=\skip104
\absparsep=\skip105
\c@vslineno=\count177
\c@poemline=\count178
\c@modulo@vs=\count179
\c@memfvsline=\count180
\vleftskip=\skip106
\vrightskip=\skip107
\stanzaskip=\skip108
\versewidth=\skip109
\vgap=\skip110
\vindent=\skip111
\vleftmargin=\dimen138
\c@verse=\count181
\c@chrsinstr=\count182
\beforepoemtitleskip=\skip112
\afterpoemtitleskip=\skip113
\c@poem=\count183
\beforePoemTitleskip=\skip114
\midPoemTitleskip=\skip115
\afterPoemTitleskip=\skip116

(/usr/share/texlive/texmf-dist/tex/latex/tools/array.sty
Package: array 2019/08/31 v2.4l Tabular extension package (FMi)
\col@sep=\dimen139
\ar@mcellbox=\box45
\extrarowheight=\dimen140
\NC@list=\toks16
\extratabsurround=\skip117
\backup@length=\skip118
\ar@cellbox=\box46
)
(/usr/share/texlive/texmf-dist/tex/latex/tools/dcolumn.sty
Package: dcolumn 2014/10/28 v1.06 decimal alignment package (DPC)
)
(/usr/share/texlive/texmf-dist/tex/latex/tools/delarray.sty
Package: delarray 2014/10/28 v1.01 array delimiter package (DPC)
)
(/usr/share/texlive/texmf-dist/tex/latex/tools/tabularx.sty
Package: tabularx 2020/01/15 v2.11c `tabularx' package (DPC)
\TX@col@width=\dimen141
\TX@old@table=\dimen142
\TX@old@col=\dimen143
\TX@target=\dimen144
\TX@delta=\dimen145
\TX@cols=\count184
\TX@ftn=\toks17
)
\heavyrulewidth=\dimen146
\lightrulewidth=\dimen147
\cmidrulewidth=\dimen148
\belowrulesep=\dimen149
\belowbottomsep=\dimen150
\aboverulesep=\dimen151
\abovetopsep=\dimen152
\cmidrulesep=\dimen153
\cmidrulekern=\dimen154
\defaultaddspace=\dimen155
\@cmidla=\count185
\@cmidlb=\count186
\@aboverulesep=\dimen156
\@belowrulesep=\dimen157
\@thisruleclass=\count187
\@lastruleclass=\count188
\@thisrulewidth=\dimen158
\ctableftskip=\skip119
\ctabrightskip=\skip120
\abovecolumnspenalty=\count189
\@linestogo=\count190
\@cellstogo=\count191
\@cellsincolumn=\count192
\crtok=\toks18
\@mincolumnwidth=\dimen159
\c@newflo@tctr=\count193
\mem@margin@floatbox=\box47
\@contcwidth=\skip121
\@contindw=\skip122
\abovecaptionskip=\skip123
\belowcaptionskip=\skip124
\subfloattopskip=\skip125
\subfloatcapskip=\skip126
\subfloatcaptopadj=\skip127
\subfloatbottomskip=\skip128
\subfloatlabelskip=\skip129
\subfloatcapmargin=\dimen160
\c@@contsubnum=\count194
\m@mscap@capbox=\box48
\m@mscap@fbox=\box49
\sidecapsep=\dimen161
\sidecapwidth=\dimen162
\m@m@tempdima=\dimen163
\m@mscapraise=\dimen164
\sidecapraise=\dimen165
\m@mscapmainwidth=\dimen166
\m@mscaplkern=\dimen167
\beforeepigraphskip=\skip130
\afterepigraphskip=\skip131
\epigraphwidth=\skip132
\epigraphrule=\skip133
LaTeX Info: Redefining \em on input line 7664.
LaTeX Info: Redefining \emph on input line 7672.
\tocentryskip=\skip134
\tocbaseline=\skip135
\cftparskip=\skip136
\cftbeforebookskip=\skip137
\cftbookindent=\dimen168
\cftbooknumwidth=\dimen169
\cftbeforepartskip=\skip138
\cftpartindent=\skip139
\cftpartnumwidth=\skip140
\cftbeforechapterskip=\skip141
\cftchapterindent=\skip142
\cftchapternumwidth=\skip143
\cftbeforesectionskip=\skip144
\cftsectionindent=\skip145
\cftsectionnumwidth=\skip146
\cftbeforesubsectionskip=\skip147
\cftsubsectionindent=\skip148
\cftsubsectionnumwidth=\skip149
\cftbeforesubsubsectionskip=\skip150
\cftsubsubsectionindent=\skip151
\cftsubsubsectionnumwidth=\skip152
\cftbeforeparagraphskip=\skip153
\cftparagraphindent=\skip154
\cftparagraphnumwidth=\skip155
\cftbeforesubparagraphskip=\skip156
\cftsubparagraphindent=\skip157
\cftsubparagraphnumwidth=\skip158
\prechapterprecisshift=\dimen170
\c@maxsecnumdepth=\count195
\bibindent=\dimen171
\bibitemsep=\skip159
\indexcolsep=\skip160
\indexrule=\skip161
\indexmarkstyle=\toks19
\@indexbox=\insert199
\glossarycolsep=\dimen172
\glossaryrule=\dimen173
\sideparvshift=\skip162
\sideins=\insert198
\sidebartopsep=\skip163
\sidebarhsep=\skip164
\sidebarvsep=\skip165
\sidebarwidth=\skip166
\footmarkwidth=\skip167
\footmarksep=\skip168
\footparindent=\skip169
\footinsdim=\skip170
\footinsv@r=\insert197
\@mpfootinsv@r=\insert196
\m@m@k=\count266
\m@m@h=\dimen174
\m@mipn@skip=\skip171
\sidefootins=\insert252
\sidefootadjust=\skip172
\sidefootheight=\skip173
\sidefoothsep=\skip174
\sidefootvsep=\skip175
\sidefootwidth=\skip176
\m@mdownsf=\skip177
\c@sidefootnote=\count267
\sidefootmarkwidth=\skip178
\sidefootmarksep=\skip179
\sidefootparindent=\skip180
\c@pagenote=\count268
\c@pagenoteshadow=\count269
\mem@pn@lastkern=\skip181
\every@verbatim=\toks20
\afterevery@verbatim=\toks21
\verbatim@line=\toks22
\tab@position=\count270
\verbatim@in@stream=\read2
\verbatimindent=\skip182
\verbatim@out=\write3
\bvboxsep=\skip183
\c@memfbvline=\count271
\c@bvlinectr=\count272
\bvnumlength=\skip184
\fb@frw=\dimen175
\fb@frh=\dimen176
\FrameRule=\dimen177
\FrameSep=\dimen178
\c@cp@cntr=\count273
LaTeX Info: Redefining \: on input line 12199.
LaTeX Info: Redefining \! on input line 12199.
\c@ism@mctr=\count274
\c@xsm@mctr=\count275
\c@csm@mctr=\count276
\c@ksm@mctr=\count277
\c@xksm@mctr=\count278
\c@cksm@mctr=\count279
\c@msm@mctr=\count280
\c@xmsm@mctr=\count281
\c@cmsm@mctr=\count282
\c@bsm@mctr=\count283
\c@workm@mctr=\count284
\c@sheetsequence=\count285
\c@lastsheet=\count286
\c@lastpage=\count287

(/usr/share/texlive/texmf-dist/tex/latex/textcase/textcase.sty
Package: textcase 2019/09/14 v1.00 Text only upper/lower case changing (DPC)
)
\c@figure=\count288
\c@lofdepth=\count289
\cftbeforefigureskip=\skip185
\cftfigureindent=\skip186
\cftfigurenumwidth=\skip187
\c@table=\count290
\c@lotdepth=\count291
\cftbeforetableskip=\skip188
\cfttableindent=\skip189
\cfttablenumwidth=\skip190
Package abstract [2008/07/23] emulated by memoir.
Package appendix [2008/07/23] emulated by memoir.
Package booktabs [2016/05/16] emulated by memoir.
Package ccaption [2008/07/23] emulated by memoir.
Package changepage [2008/07/23] emulated by memoir.
Package chngcntr [2008/07/23] emulated by memoir.
Package chngpage [2008/07/23] emulated by memoir.
Package crop emulated by memoir.
Package enumerate [2008/07/23] emulated by memoir.
Package epigraph [2008/07/23] emulated by memoir.
Package ifmtarg [2008/07/23] emulated by memoir.
Package index [2008/07/23] emulated by memoir.
Package makeidx [2008/07/23] emulated by memoir.
Package moreverb [2008/07/23] emulated by memoir.
Package mparhack [2008/07/23] emulated by memoir.
Package needspace [2008/07/23] emulated by memoir.
Package newfile [2008/07/23] emulated by memoir.
Package nextpage [2008/07/23] emulated by memoir.
Package pagenote [2008/07/23] emulated by memoir.
Package parskip [2008/07/23] emulated by memoir.
Package patchcmd [2008/07/23] emulated by memoir.
Package setspace [2008/07/23] emulated by memoir.
Package shortvrb [2008/07/23] emulated by memoir.
Package showidx [2008/07/23] emulated by memoir.
Package titleref [2008/07/23] emulated by memoir.
Package titling [2008/07/23] emulated by memoir.
Package tocbibind [2008/07/23] emulated by memoir.
Package tocloft [2008/07/23] emulated by memoir.
Package tocvsec2 [2008/07/23] emulated by memoir.
Package verbatim [2008/07/23] emulated by memoir.
Package verse [2008/07/23] emulated by memoir.
)
(/usr/share/texlive/texmf-dist/tex/generic/babel/babel.sty
Package: babel 2020/07/13 3.47 The Babel package

(/usr/share/texlive/texmf-dist/tex/generic/babel/babel.def
File: babel.def 2020/07/13 3.47 Babel common definitions

(/usr/share/texlive/texmf-dist/tex/generic/babel/luababel.def
\bbl@readstream=\read3
\l@dumylang=\language2
Package babel Info: Non-standard hyphenation setup on input line 117.
\l@nohyphenation=\language3
\l@gujarati=\language4
\l@ngerman=\language5
\l@macedonian=\language6
\l@esperanto=\language7
\l@ngerman-x-2019-04-04=\language8
\l@hindi=\language9
\l@swissgerman=\language10
\l@sanskrit=\language11
\l@occitan=\language12
\l@belarusian=\language13
\l@afrikaans=\language14
\l@kurmanji=\language15
\l@slovenian=\language16
\l@galician=\language17
\l@liturgicallatin=\language18
\l@dutch=\language19
\l@turkmen=\language20
\l@marathi=\language21
\l@ukenglish=\language22
\l@monogreek=\language23
\l@danish=\language24
\l@turkish=\language25
\l@coptic=\language26
\l@icelandic=\language27
\l@uppersorbian=\language28
\l@romansh=\language29
\l@georgian=\language30
\l@catalan=\language31
\l@german-x-2019-04-04=\language32
\l@kannada=\language33
\l@panjabi=\language34
\l@bengali=\language35
\l@mongolianlmc=\language36
\l@mongolian=\language37
\l@interlingua=\language38
\l@pali=\language39
\l@piedmontese=\language40
\l@churchslavonic=\language41
\l@thai=\language42
\l@french=\language43
\l@swedish=\language44
\l@friulan=\language45
\l@finnish=\language46
\l@tamil=\language47
\l@slovak=\language48
\l@lithuanian=\language49
\l@oriya=\language50
\l@welsh=\language51
\l@hungarian=\language52
\l@polish=\language53
\l@latin=\language54
\l@armenian=\language55
\l@assamese=\language56
\l@usenglishmax=\language57
\l@bokmal=\language58
\l@classiclatin=\language59
\l@pinyin=\language60
\l@nynorsk=\language61
\l@bulgarian=\language62
\l@portuguese=\language63
\l@malayalam=\language64
\l@ancientgreek=\language65
\l@arabic=\language66
\l@ibycus=\language67
\l@indonesian=\language68
\l@romanian=\language69
\l@spanish=\language70
\l@serbian=\language71
\l@czech=\language72
\l@italian=\language73
\l@serbianc=\language74
\l@farsi=\language75
\l@telugu=\language76
\l@greek=\language77
\l@german=\language78
\l@ukrainian=\language79
\l@irish=\language80
\l@ethiopic=\language81
\l@latvian=\language82
\l@croatian=\language83
\l@russian=\language84
\l@basque=\language85
\l@estonian=\language86
\babelcatcodetablenum=\catcodetable12
\bbl@pattcodes=\catcodetable13
)
\babel@savecnt=\count292
\U@D=\dimen179
\l@babelnohyphens=\language87

(/usr/share/texlive/texmf-dist/tex/generic/babel/luababel.def
\bbl@attr@locale=\attribute4
))
(/usr/share/texlive/texmf-dist/tex/generic/babel-portuges/brazilian.ldf
Language: portuges 2020/05/04 v1.2r Portuguese support from the babel system
Package babel Info: \l@brazilian = using hyphenrules for portuguese
(babel)             (\language63) on input line 111.
Package babel Info: Making " an active character on input line 143.

(/usr/share/texlive/texmf-dist/tex/generic/hyph-utf8/loadhyph/loadhyph-pt.tex
UTF-8 Portuguese hyphenation patterns
(/usr/share/texlive/texmf-dist/tex/generic/hyph-utf8/patterns/tex/hyph-pt.tex)))
) (/usr/share/texlive/texmf-dist/tex/latex/anyfontsize/anyfontsize.sty
Package: anyfontsize 2007/11/22 anyfontsize.sty by pts
)
(/usr/share/texlive/texmf-dist/tex/latex/relsize/relsize.sty
Package: relsize 2013/03/29 ver 4.1
)
(/usr/share/texlive/texmf-dist/tex/latex/fontspec/fontspec.sty
(/usr/share/texlive/texmf-dist/tex/latex/l3packages/xparse/xparse.sty
(/usr/share/texlive/texmf-dist/tex/latex/l3kernel/expl3.sty
Package: expl3 2020-07-17 L3 programming layer (loader) 

(/usr/share/texlive/texmf-dist/tex/latex/l3backend/l3backend-pdfmode.def
File: l3backend-pdfmode.def 2020-06-29 L3 backend support: PDF mode
\l__kernel_color_stack_int=\count293
\l__pdf_internal_box=\box50
))
Package: xparse 2020-05-15 L3 Experimental document command parser

(/usr/share/texlive/texmf-dist/tex/latex/l3packages/xparse/xparse-generic.tex
\l__xparse_current_arg_int=\count294
\g__xparse_grabber_int=\count295
\l__xparse_m_args_int=\count296
\l__xparse_v_nesting_int=\count297
))
Package: fontspec 2020/02/21 v2.7i Font selection for XeLaTeX and LuaLaTeX
Lua module: fontspec 2020/02/21 2.7i Font selection for XeLaTeX and LuaLaTeX (/
usr/share/texlive/texmf-dist/tex/latex/fontspec/fontspec-luatex.sty
Package: fontspec-luatex 2020/02/21 v2.7i Font selection for XeLaTeX and LuaLaTe
X
\l__fontspec_script_int=\count298
\l__fontspec_language_int=\count299
\l__fontspec_strnum_int=\count300
\l__fontspec_tmp_int=\count301
\l__fontspec_tmpa_int=\count302
\l__fontspec_tmpb_int=\count303
\l__fontspec_tmpc_int=\count304
\l__fontspec_em_int=\count305
\l__fontspec_emdef_int=\count306
\l__fontspec_strong_int=\count307
\l__fontspec_strongdef_int=\count308
\l__fontspec_tmpa_dim=\dimen180
\l__fontspec_tmpb_dim=\dimen181
\l__fontspec_tmpc_dim=\dimen182

(/usr/share/texlive/texmf-dist/tex/latex/base/fontenc.sty
Package: fontenc 2020/02/11 v2.0o Standard LaTeX package
)
(/usr/share/texlive/texmf-dist/tex/latex/fontspec/fontspec.cfg)))
(/usr/share/texlive/texmf-dist/tex/latex/lipsum/lipsum.sty
Package: lipsum 2019/01/02 v2.2 150 paragraphs of Lorem Ipsum dummy text

(/usr/share/texlive/texmf-dist/tex/latex/lipsum/lipsum.ltd.tex
File: lipsum.ltd.tex 2019/01/02 v2.2 The Lorem ipsum dummy text
))
(/usr/share/texlive/texmf-dist/tex/latex/base/alltt.sty
Package: alltt 1997/06/16 v2.0g defines alltt environment
)
(/usr/share/texlive/texmf-dist/tex/latex/graphics/graphicx.sty
Package: graphicx 2019/11/30 v1.2a Enhanced LaTeX Graphics (DPC,SPQR)

(/usr/share/texlive/texmf-dist/tex/latex/graphics/keyval.sty
Package: keyval 2014/10/28 v1.15 key=value parser (DPC)
\KV@toks@=\toks23
)
(/usr/share/texlive/texmf-dist/tex/latex/graphics/graphics.sty
Package: graphics 2019/11/30 v1.4a Standard LaTeX Graphics (DPC,SPQR)

(/usr/share/texlive/texmf-dist/tex/latex/graphics/trig.sty
Package: trig 2016/01/03 v1.10 sin cos tan (DPC)
)
(/usr/share/texlive/texmf-dist/tex/latex/graphics-cfg/graphics.cfg
File: graphics.cfg 2016/06/04 v1.11 sample graphics configuration
)
Package graphics Info: Driver file: luatex.def on input line 105.

(/usr/share/texlive/texmf-dist/tex/latex/graphics-def/luatex.def
File: luatex.def 2018/01/08 v1.0l Graphics/color driver for luatex
))
\Gin@req@height=\dimen183
\Gin@req@width=\dimen184
)
(/usr/share/texlive/texmf-dist/tex/latex/float/float.sty
Package: float 2001/11/08 v1.3d Float enhancements (AL)
\c@float@type=\count309
\float@exts=\toks24
\float@box=\box51
\@float@everytoks=\toks25
\@floatcapt=\box52
)
(/usr/share/texlive/texmf-dist/tex/latex/lettrine/lettrine.sty
File: lettrine.sty 2020-03-14 v2.23 (Daniel Flipo)

(/usr/share/texlive/texmf-dist/tex/generic/minifp/minifp.sty
Package: minifp 2013/12/30 v0.96. Macros for real number operations and a stack-
based programing language.
\MFP@loopctr=\count310
)
\c@DefaultLines=\count311
\c@DefaultDepth=\count312
\DefaultFindent=\dimen185
\DefaultNindent=\dimen186
\DefaultSlope=\dimen187
\DiscardVskip=\dimen188
\L@lbox=\box53
\L@tbox=\box54
\c@L@lines=\count313
\c@L@depth=\count314
\L@Pindent=\dimen189
\L@Findent=\dimen190
\L@Nindent=\dimen191
\L@lraise=\dimen192
\L@first=\dimen193
\L@next=\dimen194
\L@slope=\dimen195
\L@height=\dimen256
\L@novskip=\dimen257
\L@target@ht=\dimen258
\L@target@dp=\dimen259
\L@target@tht=\dimen260
\LettrineWidth=\dimen261
\LettrineHeight=\dimen262
\LettrineDepth=\dimen263
\Llist@everypar=\toks26

Loading lettrine.cfg
(/usr/share/texlive/texmf-dist/tex/latex/lettrine/lettrine.cfg))
(/usr/share/texlive/texmf-dist/tex/latex/comment/comment.sty
\CommentStream=\write4

Excluding comment 'comment')
(/usr/share/texlive/texmf-dist/tex/latex/adforn/adforn.sty
Package: adforn 2019/10/13 v1.1b adforn CFR

(/usr/share/texlive/texmf-dist/tex/latex/psnfss/pifont.sty
Package: pifont 2020/03/25 PSNFSS-v9.3 Pi font support (SPQR) 
LaTeX Font Info:    Trying to load font information for U+pzd on input line 63.

(/usr/share/texlive/texmf-dist/tex/latex/psnfss/upzd.fd
File: upzd.fd 2001/06/04 font definitions for U/pzd.
)
LaTeX Font Info:    Trying to load font information for U+psy on input line 64.

(/usr/share/texlive/texmf-dist/tex/latex/psnfss/upsy.fd
File: upsy.fd 2001/06/04 font definitions for U/psy.
))
LaTeX Font Info:    Trying to load font information for U+OrnementsADF on input 
line 4.

(/usr/share/texlive/texmf-dist/tex/latex/adforn/uornementsadf.fd))
(/usr/share/texlive/texmf-dist/tex/latex/xcolor/xcolor.sty
Package: xcolor 2016/05/11 v2.12 LaTeX color extensions (UK)

(/usr/share/texlive/texmf-dist/tex/latex/graphics-cfg/color.cfg
File: color.cfg 2016/01/02 v1.6 sample color configuration
)
Package xcolor Info: Driver file: luatex.def on input line 225.
Package xcolor Info: Model `cmy' substituted by `cmy0' on input line 1348.
Package xcolor Info: Model `hsb' substituted by `rgb' on input line 1352.
Package xcolor Info: Model `RGB' extended on input line 1364.
Package xcolor Info: Model `HTML' substituted by `rgb' on input line 1366.
Package xcolor Info: Model `Hsb' substituted by `hsb' on input line 1367.
Package xcolor Info: Model `tHsb' substituted by `hsb' on input line 1368.
Package xcolor Info: Model `HSB' substituted by `hsb' on input line 1369.
Package xcolor Info: Model `Gray' substituted by `gray' on input line 1370.
Package xcolor Info: Model `wave' substituted by `hsb' on input line 1371.
)
(/usr/share/texlive/texmf-dist/tex/latex/microtype/microtype.sty
Package: microtype 2019/11/18 v2.7d Micro-typographical refinements (RS)
\MT@toks=\toks27
\MT@count=\count315
LaTeX Info: Redefining \textls on input line 790.
\MT@outer@kern=\dimen264
LaTeX Info: Redefining \textmicrotypecontext on input line 1354.
\MT@listname@count=\count316

(/usr/share/texlive/texmf-dist/tex/latex/microtype/microtype-luatex.def
File: microtype-luatex.def 2019/11/18 v2.7d Definitions specific to luatex (RS)
Module microtype Info: overwriting function `keepligature' on input line 59
LaTeX Info: Redefining \lsstyle on input line 695.
LaTeX Info: Redefining \lslig on input line 695.
\MT@outer@space=\skip191
)
Package microtype Info: Loading configuration file microtype.cfg.

(/usr/share/texlive/texmf-dist/tex/latex/microtype/microtype.cfg
File: microtype.cfg 2019/11/18 v2.7d microtype main configuration file (RS)
))
(/usr/share/texlive/texmf-dist/tex/latex/enumitem/enumitem.sty
Package: enumitem 2019/06/20 v3.9 Customized lists
\labelindent=\skip192
\enit@outerparindent=\dimen265
\enit@toks=\toks28
\enit@inbox=\box55
\enit@count@id=\count317
\enitdp@description=\count318
)
(/usr/share/texlive/texmf-dist/tex/latex/marginnote/marginnote.sty
Package: marginnote 2018/08/09 v1.4b non floating margin notes for LaTeX
\c@mn@abspage=\count319
)
(/usr/share/texlive/texmf-dist/tex/latex/titlesec/titlesec.sty
Package: titlesec 2019/10/16 v2.13 Sectioning titles
\ttl@box=\box56
\beforetitleunit=\skip193
\aftertitleunit=\skip194
\ttl@plus=\dimen266
\ttl@minus=\dimen267
\ttl@toksa=\toks29
\titlewidth=\dimen268
\titlewidthlast=\dimen269
\titlewidthfirst=\dimen270
)
(/usr/share/texlive/texmf-dist/tex/latex/url/url.sty
\Urlmuskip=\muskip16
Package: url 2013/09/16  ver 3.4  Verb mode for urls, etc.
) (../edlab-penalties.sty)
(../edlab-toc.sty) (../edlab-extra.sty
(/usr/share/texlive/texmf-dist/tex/latex/imakeidx/imakeidx.sty
Package: imakeidx 2016/10/15 v1.3e Package for typesetting indices in a synchron
ous mode

(/usr/share/texlive/texmf-dist/tex/latex/xkeyval/xkeyval.sty
Package: xkeyval 2014/12/03 v2.7a package option processing (HA)

(/usr/share/texlive/texmf-dist/tex/generic/xkeyval/xkeyval.tex
(/usr/share/texlive/texmf-dist/tex/generic/xkeyval/xkvutils.tex
\XKV@toks=\toks30
\XKV@tempa@toks=\toks31
)
\XKV@depth=\count320
File: xkeyval.tex 2014/12/03 v2.7a key=value parser (HA)
))
(/usr/share/texlive/texmf-dist/tex/generic/iftex/ifxetex.sty
Package: ifxetex 2019/10/25 v0.7 ifxetex legacy package. Use iftex instead.
)
(/usr/share/texlive/texmf-dist/tex/generic/iftex/ifluatex.sty
Package: ifluatex 2019/10/25 v1.5 ifluatex legacy package. Use iftex instead.
)
(/usr/share/texlive/texmf-dist/tex/latex/tools/multicol.sty
Package: multicol 2019/12/09 v1.8y multicolumn formatting (FMi)
\c@tracingmulticols=\count321
\mult@box=\box57
\multicol@leftmargin=\dimen271
\c@unbalance=\count322
\c@collectmore=\count323
\doublecol@number=\count324
\multicoltolerance=\count325
\multicolpretolerance=\count326
\full@width=\dimen272
\page@free=\dimen273
\premulticols=\dimen274
\postmulticols=\dimen275
\multicolsep=\skip195
\multicolbaselineskip=\skip256
\partial@page=\box58
\last@line=\box59
\maxbalancingoverflow=\dimen276
\mult@rightbox=\box60
\mult@grightbox=\box61
\mult@gfirstbox=\box62
\mult@firstbox=\box63
\@tempa=\box64
\@tempa=\box65
\@tempa=\box66
\@tempa=\box67
\@tempa=\box68
\@tempa=\box69
\@tempa=\box70
\@tempa=\box71
\@tempa=\box72
\@tempa=\box73
\@tempa=\box74
\@tempa=\box75
\@tempa=\box76
\@tempa=\box77
\@tempa=\box78
\@tempa=\box79
\@tempa=\box80
\@tempa=\box81
\@tempa=\box82
\@tempa=\box83
\@tempa=\box84
\@tempa=\box85
\@tempa=\box86
\@tempa=\box87
\@tempa=\box88
\@tempa=\box89
\@tempa=\box90
\@tempa=\box91
\@tempa=\box92
\@tempa=\box93
\@tempa=\box94
\@tempa=\box95
\@tempa=\box96
\@tempa=\box97
\@tempa=\box98
\@tempa=\box99
\@tempa=\box100
\c@minrows=\count327
\c@columnbadness=\count328
\c@finalcolumnbadness=\count329
\last@try=\dimen277
\multicolovershoot=\dimen278
\multicolundershoot=\dimen279
\mult@nat@firstbox=\box101
\colbreak@box=\box102
\mc@col@check@num=\count330
))
\LIVRO@idxfile=\write5

\openout5 = LIVRO.idx

Writing index file LIVRO.idx
) (../edlab-margins.sty

Class memoir Warning: \marginparsep is zero or negative on input line 164.


******************************************************
Stock height and width: 845.04684pt by 597.50787pt
Top and edge trims: 56.9055pt and 106.69783pt
Page height and width: 583.2815pt by 384.1122pt
Text height and width: 487.00021pt by 284pt
Spine and edge margins: 48.36966pt and 51.21498pt
Upper and lower margins: 39.83385pt and 56.44743pt
Headheight and headsep: 14.22636pt and 5.69054pt
Footskip: 28.45274pt
Columnsep and columnseprule: 10pt and 0pt
Marginparsep and marginparwidth: 0pt and 71.13188pt
Sidecapsep and sidecapwidth: 7pt and 111pt
Sidebarhsep and sidebarwidth: 7pt and 111pt
Sidebarvsep and sidebartopsep: 13.6pt and 0pt
Sidebarheight: 539.9202pt
Sidefoothsep and sidefootwidth: 7pt and 111pt
Sidefootvsep and sidefootheight: 13.6pt and 539.9202pt
******************************************************

) (../edlab-sections.sty
(/usr/share/texlive/texmf-dist/tex/latex/etoolbox/etoolbox.sty
Package: etoolbox 2020/07/15 v2.5i e-TeX tools for LaTeX (JAW)
\etb@tempcnta=\count331
))
(../edlab-footnotes.sty
(/usr/share/texlive/texmf-dist/tex/latex/ncctools/manyfoot.sty
Package: manyfoot 2019/08/03 v1.11 Many Footnote Levels Package (NCC)

(/usr/share/texlive/texmf-dist/tex/latex/ncctools/nccfoots.sty
Package: nccfoots 2005/02/03 v1.2 NCC Footnotes Package (NCC)
)
\MFL@columnwidth=\dimen280
\footglue=\skip257
)
(/usr/share/texlive/texmf-dist/tex/latex/footmisc/footmisc.sty
Package: footmisc 2011/06/06 v5.5b a miscellany of footnote facilities
\FN@temptoken=\toks32
\footnotemargin=\dimen281


LaTeX Warning: Command \@makecol  has changed.
               Check if current package is valid.

\c@pp@next@reset=\count332

LaTeX Warning: Command \@footnotemark  has changed.
               Check if current package is valid.

Package footmisc Info: Declaring symbol style bringhurst on input line 855.
Package footmisc Info: Declaring symbol style chicago on input line 863.
Package footmisc Info: Declaring symbol style wiley on input line 872.
Package footmisc Info: Declaring symbol style lamport-robust on input line 883.
Package footmisc Info: Declaring symbol style lamport* on input line 903.
Package footmisc Info: Declaring symbol style lamport*-robust on input line 924.

)) (../hedrasides.sty

LaTeX Warning: You have requested package `../hedrasides',
               but the package provides `hedrasides'.

Package: hedrasides 2008/12/15 v1.9 extensão hedra da classe sides.cls
(/usr/share/texlive/texmf-dist/tex/latex/base/ifthen.sty
Package: ifthen 2014/09/29 v1.1c Standard LaTeX ifthen package (DPC)
)
\c@act=\count333
\c@scene=\count334
)
luaotfload | cache : Lookup cache loaded from /home/editorial/.texlive2020/texmf
-var/luatex-cache/generic-dev/names/luaotfload-lookup-cache.luc.

Package fontspec Info: Font family 'MinionPro(0)' created for font 'Minion
(fontspec)             Pro' with options
(fontspec)             [Ligatures=TeX,Ligatures=TeX,Numbers=OldStyle].
(fontspec)              
(fontspec)              This font family consists of the following NFSS
(fontspec)             series/shapes:
(fontspec)              
(fontspec)             - 'normal' (m/n) with NFSS spec.:
(fontspec)             <->"MinionPro:mode=node;script=latn;language=dflt;+tlig;+
onum;"
(fontspec)             - 'small caps'  (m/sc) with NFSS spec.:
(fontspec)             <->"MinionPro:mode=node;script=latn;language=dflt;+tlig;+
onum;+smcp;"
(fontspec)             - 'bold' (b/n) with NFSS spec.:
(fontspec)             <->"MinionPro/B:mode=node;script=latn;language=dflt;+tlig
;+onum;"
(fontspec)             - 'bold small caps'  (b/sc) with NFSS spec.:
(fontspec)             <->"MinionPro/B:mode=node;script=latn;language=dflt;+tlig
;+onum;+smcp;"
(fontspec)             - 'italic' (m/it) with NFSS spec.:
(fontspec)             <->"MinionPro/I:mode=node;script=latn;language=dflt;+tlig
;+onum;"
(fontspec)             - 'italic small caps'  (m/scit) with NFSS spec.:
(fontspec)             <->"MinionPro/I:mode=node;script=latn;language=dflt;+tlig
;+onum;+smcp;"
(fontspec)             - 'bold italic' (b/it) with NFSS spec.:
(fontspec)             <->"MinionPro/BI:mode=node;script=latn;language=dflt;+tli
g;+onum;"
(fontspec)             - 'bold italic small caps'  (b/scit) with NFSS spec.:
(fontspec)             <->"MinionPro/BI:mode=node;script=latn;language=dflt;+tli
g;+onum;+smcp;"

 (./LIVRO.aux
(./INPUTS.aux))
\openout1 = LIVRO.aux

LaTeX Font Info:    Checking defaults for OML/cmm/m/it on input line 71.
LaTeX Font Info:    ... okay on input line 71.
LaTeX Font Info:    Checking defaults for OMS/cmsy/m/n on input line 71.
LaTeX Font Info:    ... okay on input line 71.
LaTeX Font Info:    Checking defaults for OT1/cmr/m/n on input line 71.
LaTeX Font Info:    ... okay on input line 71.
LaTeX Font Info:    Checking defaults for T1/cmr/m/n on input line 71.
LaTeX Font Info:    ... okay on input line 71.
LaTeX Font Info:    Checking defaults for TS1/cmr/m/n on input line 71.
LaTeX Font Info:    Trying to load font information for TS1+cmr on input line 71
.
 (/usr/share/texlive/texmf-dist/tex/latex/base/ts1cmr.fd
File: ts1cmr.fd 2019/12/16 v2.5j Standard LaTeX font definitions
)
LaTeX Font Info:    ... okay on input line 71.
LaTeX Font Info:    Checking defaults for TU/lmr/m/n on input line 71.
LaTeX Font Info:    ... okay on input line 71.
LaTeX Font Info:    Checking defaults for OMX/cmex/m/n on input line 71.
LaTeX Font Info:    ... okay on input line 71.
LaTeX Font Info:    Checking defaults for U/cmr/m/n on input line 71.
LaTeX Font Info:    ... okay on input line 71.

Package fontspec Info: Adjusting the maths setup (use [no-math] to avoid
(fontspec)             this).

\symlegacymaths=\mathgroup4
LaTeX Font Info:    Overwriting symbol font `legacymaths' in version `bold'
(Font)                  OT1/cmr/m/n --> OT1/cmr/bx/n on input line 71.
LaTeX Font Info:    Redeclaring math accent \acute on input line 71.
LaTeX Font Info:    Redeclaring math accent \grave on input line 71.
LaTeX Font Info:    Redeclaring math accent \ddot on input line 71.
LaTeX Font Info:    Redeclaring math accent \tilde on input line 71.
LaTeX Font Info:    Redeclaring math accent \bar on input line 71.
LaTeX Font Info:    Redeclaring math accent \breve on input line 71.
LaTeX Font Info:    Redeclaring math accent \check on input line 71.
LaTeX Font Info:    Redeclaring math accent \hat on input line 71.
LaTeX Font Info:    Redeclaring math accent \dot on input line 71.
LaTeX Font Info:    Redeclaring math accent \mathring on input line 71.
LaTeX Font Info:    Redeclaring math symbol \colon on input line 71.
LaTeX Font Info:    Redeclaring math symbol \Gamma on input line 71.
LaTeX Font Info:    Redeclaring math symbol \Delta on input line 71.
LaTeX Font Info:    Redeclaring math symbol \Theta on input line 71.
LaTeX Font Info:    Redeclaring math symbol \Lambda on input line 71.
LaTeX Font Info:    Redeclaring math symbol \Xi on input line 71.
LaTeX Font Info:    Redeclaring math symbol \Pi on input line 71.
LaTeX Font Info:    Redeclaring math symbol \Sigma on input line 71.
LaTeX Font Info:    Redeclaring math symbol \Upsilon on input line 71.
LaTeX Font Info:    Redeclaring math symbol \Phi on input line 71.
LaTeX Font Info:    Redeclaring math symbol \Psi on input line 71.
LaTeX Font Info:    Redeclaring math symbol \Omega on input line 71.
LaTeX Font Info:    Redeclaring math symbol \mathdollar on input line 71.
LaTeX Font Info:    Redeclaring symbol font `operators' on input line 71.
LaTeX Font Info:    Encoding `OT1' has changed to `TU' for symbol font
(Font)              `operators' in the math version `normal' on input line 71.
LaTeX Font Info:    Overwriting symbol font `operators' in version `normal'
(Font)                  OT1/cmr/m/n --> TU/MinionPro(0)/m/n on input line 71.
LaTeX Font Info:    Encoding `OT1' has changed to `TU' for symbol font
(Font)              `operators' in the math version `bold' on input line 71.
LaTeX Font Info:    Overwriting symbol font `operators' in version `bold'
(Font)                  OT1/cmr/bx/n --> TU/MinionPro(0)/m/n on input line 71.
LaTeX Font Info:    Overwriting symbol font `operators' in version `normal'
(Font)                  TU/MinionPro(0)/m/n --> TU/MinionPro(0)/m/n on input lin
e 71.
LaTeX Font Info:    Overwriting math alphabet `\mathit' in version `normal'
(Font)                  OT1/cmr/m/it --> TU/MinionPro(0)/m/it on input line 71.
LaTeX Font Info:    Overwriting math alphabet `\mathbf' in version `normal'
(Font)                  OT1/cmr/bx/n --> TU/MinionPro(0)/b/n on input line 71.
LaTeX Font Info:    Overwriting math alphabet `\mathsf' in version `normal'
(Font)                  OT1/cmss/m/n --> TU/lmss/m/n on input line 71.
LaTeX Font Info:    Overwriting math alphabet `\mathtt' in version `normal'
(Font)                  OT1/cmtt/m/n --> TU/lmtt/m/n on input line 71.
LaTeX Font Info:    Overwriting symbol font `operators' in version `bold'
(Font)                  TU/MinionPro(0)/m/n --> TU/MinionPro(0)/b/n on input lin
e 71.
LaTeX Font Info:    Overwriting math alphabet `\mathit' in version `bold'
(Font)                  OT1/cmr/bx/it --> TU/MinionPro(0)/b/it on input line 71.

LaTeX Font Info:    Overwriting math alphabet `\mathsf' in version `bold'
(Font)                  OT1/cmss/bx/n --> TU/lmss/b/n on input line 71.
LaTeX Font Info:    Overwriting math alphabet `\mathtt' in version `bold'
(Font)                  OT1/cmtt/m/n --> TU/lmtt/b/n on input line 71.

(/usr/share/texlive/texmf-dist/tex/context/base/mkii/supp-pdf.mkii
[Loading MPS to PDF converter (version 2006.09.02).]
\scratchcounter=\count335
\scratchdimen=\dimen282
\scratchbox=\box103
\nofMPsegments=\count336
\nofMParguments=\count337
\everyMPshowfont=\toks33
\MPscratchCnt=\count338
\MPscratchDim=\dimen283
\MPnumerator=\count339
\makeMPintoPDFobject=\count340
\everyMPtoPDFconversion=\toks34
) (/usr/share/texlive/texmf-dist/tex/latex/epstopdf-pkg/epstopdf-base.sty
Package: epstopdf-base 2020-01-24 v2.11 Base part for package epstopdf

(/usr/share/texlive/texmf-dist/tex/generic/infwarerr/infwarerr.sty
Package: infwarerr 2019/12/03 v1.5 Providing info/warning/error messages (HO)
)
(/usr/share/texlive/texmf-dist/tex/latex/grfext/grfext.sty
Package: grfext 2019/12/03 v1.3 Manage graphics extensions (HO)

(/usr/share/texlive/texmf-dist/tex/generic/kvdefinekeys/kvdefinekeys.sty
Package: kvdefinekeys 2019-12-19 v1.6 Define keys (HO)
))
(/usr/share/texlive/texmf-dist/tex/latex/kvoptions/kvoptions.sty
Package: kvoptions 2019/11/29 v3.13 Key value format for package options (HO)

(/usr/share/texlive/texmf-dist/tex/generic/ltxcmds/ltxcmds.sty
Package: ltxcmds 2019/12/15 v1.24 LaTeX kernel commands for general use (HO)
)
(/usr/share/texlive/texmf-dist/tex/generic/kvsetkeys/kvsetkeys.sty
Package: kvsetkeys 2019/12/15 v1.18 Key value parser (HO)
))
(/usr/share/texlive/texmf-dist/tex/generic/pdftexcmds/pdftexcmds.sty
Package: pdftexcmds 2020-06-27 v0.33 Utility functions of pdfTeX for LuaTeX (HO)

Package pdftexcmds Info: \pdf@primitive is available.
Package pdftexcmds Info: \pdf@ifprimitive is available.
Package pdftexcmds Info: \pdfdraftmode found.
\pdftexcmds@toks=\toks35
)
Package epstopdf-base Info: Redefining graphics rule for `.eps' on input line 48
5.
Package grfext Info: Graphics extension search list:
(grfext)             [.pdf,.png,.jpg,.mps,.jpeg,.jbig2,.jb2,.PDF,.PNG,.JPG,.JPEG
,.JBIG2,.JB2,.eps]
(grfext)             \AppendGraphicsExtensions on input line 504.

(/usr/share/texlive/texmf-dist/tex/latex/latexconfig/epstopdf-sys.cfg
File: epstopdf-sys.cfg 2010/07/13 v1.3 Configuration of (r)epstopdf for TeX Live

))
LaTeX Info: Redefining \microtypecontext on input line 71.
Package microtype Info: Generating PDF output.
Package microtype Info: Character protrusion enabled (level 2).
Package microtype Info: Using default protrusion set `alltext'.
Package microtype Info: Automatic font expansion enabled (level 2),
(microtype)             stretch: 20, shrink: 20, step: 1, non-selected.
Package microtype Info: Using default expansion set `basictext'.
LaTeX Info: Redefining \showhyphens on input line 71.
Package microtype Info: No adjustment of tracking.
Package microtype Info: No adjustment of spacing.
Package microtype Info: No adjustment of kerning.
Package microtype Info: Redefining babel's language switching commands.
Package microtype Info: Loading generic protrusion settings for font family
(microtype)             `MinionPro' (encoding: TU).
(microtype)             For optimal results, create family-specific settings.
(microtype)             See the microtype manual for details.

\openout2 = INPUTS.aux

(./INPUTS.tex (../1-fronte.tex)
Package microtype Info: Loading generic protrusion settings for font family
(microtype)             `lmtt' (encoding: TU).
(microtype)             For optimal results, create family-specific settings.
(microtype)             See the microtype manual for details.
 [1{/var/lib/texmf/fonts/map/pdftex/updmap/pdftex.map}


] (../2-creditos.tex
Underfull \hbox (badness 10000) in paragraph at lines 14--19

 []

LaTeX Font Info:    External font `cmex10' loaded for size
(Font)              <7> on input line 21.
LaTeX Font Info:    External font `cmex10' loaded for size
(Font)              <5> on input line 21.
(/usr/share/texlive/texmf-dist/tex/latex/microtype/mt-cmr.cfg
File: mt-cmr.cfg 2013/05/19 v2.2 microtype config. file: Computer Modern Roman (
RS)
)
Underfull \hbox (badness 10000) in paragraph at lines 34--35

 []

) [2] (../3-rosto.tex) [3] [4] (./LIVRO.toc
LaTeX Font Info:    External font `cmex10' loaded for size
(Font)              <9> on input line 29.
LaTeX Font Info:    External font `cmex10' loaded for size
(Font)              <6> on input line 29.
 [5]) [6] (./TEXTO.tex [7


]
<../ilustracoes/01_RAPOSO.jpg, id=34, 421.0932pt x 597.432pt>
File: ../ilustracoes/01_RAPOSO.jpg Graphic file (type jpg)
<use ../ilustracoes/01_RAPOSO.jpg>
Package luatex.def Info: ../ilustracoes/01_RAPOSO.jpg  used on input line 9.
(luatex.def)             Requested size: 398.33858pt x 565.18701pt.

Overfull \hbox (48.89716pt too wide) in paragraph at lines 9--10
[]| [] 
 []


LaTeX Warning: Float too large for page by 63.96043pt on input line 10.

[8<../ilustracoes/01_RAPOSO.jpg>]
LaTeX Font Info:    External font `cmex10' loaded for size
(Font)              <10.95> on input line 13.
LaTeX Font Info:    External font `cmex10' loaded for size
(Font)              <8> on input line 13.
 [9

] [10] [11] [12] [13]
Overfull \hbox (10.2985pt too wide) in paragraph at lines 221--223
[]\TU/MinionPro(0)/m/n/10.95 Dava-lhe ape-nas pela ma-nhã e à noite a sua b
ên-ção e acompanhava-
 []

[14] [15] [16] [17] [18] [19] [20] [21]
<../ilustracoes/02_ESCOLA.jpg, id=79, 421.0932pt x 597.432pt>
File: ../ilustracoes/02_ESCOLA.jpg Graphic file (type jpg)
<use ../ilustracoes/02_ESCOLA.jpg>
Package luatex.def Info: ../ilustracoes/02_ESCOLA.jpg  used on input line 512.
(luatex.def)             Requested size: 398.33858pt x 565.18701pt.

Overfull \hbox (48.89716pt too wide) in paragraph at lines 512--513
[]| [] 
 []


LaTeX Warning: Float too large for page by 63.96043pt on input line 513.

[22<../ilustracoes/02_ESCOLA.jpg>] [23

] [24] [25] [26] [27] [28] [29] [30]
[31]
<../ilustracoes/03_DIRETOR.jpg, id=111, 421.0932pt x 597.432pt>
File: ../ilustracoes/03_DIRETOR.jpg Graphic file (type jpg)
<use ../ilustracoes/03_DIRETOR.jpg>
Package luatex.def Info: ../ilustracoes/03_DIRETOR.jpg  used on input line 867.
(luatex.def)             Requested size: 398.33858pt x 565.18701pt.

Overfull \hbox (48.89716pt too wide) in paragraph at lines 867--868
[]| [] 
 []


LaTeX Warning: Float too large for page by 63.96043pt on input line 868.

[32<../ilustracoes/03_DIRETOR.jpg>] [33

]
Inserting `luaotfload.letterspace' at position 2 in `pre_linebreak_filter'.
Inserting `luaotfload.letterspace' at position 2 in `hpack_filter'. [34] [35] [
36]
<../ilustracoes/04_PE.jpg, id=127, 421.0932pt x 597.432pt>
File: ../ilustracoes/04_PE.jpg Graphic file (type jpg)
<use ../ilustracoes/04_PE.jpg>
Package luatex.def Info: ../ilustracoes/04_PE.jpg  used on input line 967.
(luatex.def)             Requested size: 398.33858pt x 565.18701pt.

Overfull \hbox (48.89716pt too wide) in paragraph at lines 967--968
[]| [] 
 []


LaTeX Warning: Float too large for page by 63.96043pt on input line 968.

[37<../ilustracoes/04_PE.jpg>] [38

] [39] [40

] [41]
<../ilustracoes/05_DONA.jpg, id=144, 421.0932pt x 597.432pt>
File: ../ilustracoes/05_DONA.jpg Graphic file (type jpg)
<use ../ilustracoes/05_DONA.jpg>
Package luatex.def Info: ../ilustracoes/05_DONA.jpg  used on input line 999.
(luatex.def)             Requested size: 398.33858pt x 565.18701pt.

Overfull \hbox (48.89716pt too wide) in paragraph at lines 999--1000
[]| [] 
 []


LaTeX Warning: Float too large for page by 63.96043pt on input line 1000.

[42<../ilustracoes/05_DONA.jpg>] [43

] [44] [45] [46] [47] [48] [49] [50]
[51] [52]
<../ilustracoes/06_FISCO.jpg, id=180, 421.0932pt x 597.432pt>
File: ../ilustracoes/06_FISCO.jpg Graphic file (type jpg)
<use ../ilustracoes/06_FISCO.jpg>
Package luatex.def Info: ../ilustracoes/06_FISCO.jpg  used on input line 1360.
(luatex.def)             Requested size: 398.33858pt x 565.18701pt.

Overfull \hbox (48.89716pt too wide) in paragraph at lines 1360--1361
[]| [] 
 []


LaTeX Warning: Float too large for page by 63.96043pt on input line 1361.

[53<../ilustracoes/06_FISCO.jpg>] [54

] [55] [56] [57] [58] [59] [60] [61]
[62] [63] [64] [65]
<../ilustracoes/07_GALERIA.jpg, id=221, 421.0932pt x 597.432pt>
File: ../ilustracoes/07_GALERIA.jpg Graphic file (type jpg)
<use ../ilustracoes/07_GALERIA.jpg>
Package luatex.def Info: ../ilustracoes/07_GALERIA.jpg  used on input line 1775.

(luatex.def)             Requested size: 398.33858pt x 565.18701pt.

Overfull \hbox (48.89716pt too wide) in paragraph at lines 1775--1776
[]| [] 
 []


LaTeX Warning: Float too large for page by 63.96043pt on input line 1776.

[66<../ilustracoes/07_GALERIA.jpg>] [67

] [68] [69] [70] [71] [72] [73] [74]
[75]
<../ilustracoes/08_PEQUENINOS.jpg, id=253, 421.0932pt x 597.432pt>
File: ../ilustracoes/08_PEQUENINOS.jpg Graphic file (type jpg)
<use ../ilustracoes/08_PEQUENINOS.jpg>
Package luatex.def Info: ../ilustracoes/08_PEQUENINOS.jpg  used on input line 21
01.
(luatex.def)             Requested size: 398.33858pt x 565.18701pt.

Overfull \hbox (48.89716pt too wide) in paragraph at lines 2101--2102
[]| [] 
 []


LaTeX Warning: Float too large for page by 63.96043pt on input line 2102.

[76<../ilustracoes/08_PEQUENINOS.jpg>] [77

] [78] [79] [80] [81] [82] [83]
[84] [85]
Underfull \hbox (badness 1038) in paragraph at lines 2488--2491
[]\TU/MinionPro(0)/m/n/10.95 --- Os se-nho-res To-ledo & Cia. pediram-me des-cul
-pas e
 []

[86] [87]
<../ilustracoes/09_JAVANES.jpg, id=291, 421.0932pt x 597.432pt>
File: ../ilustracoes/09_JAVANES.jpg Graphic file (type jpg)
<use ../ilustracoes/09_JAVANES.jpg>
Package luatex.def Info: ../ilustracoes/09_JAVANES.jpg  used on input line 2518.

(luatex.def)             Requested size: 398.33858pt x 565.18701pt.

Overfull \hbox (48.89716pt too wide) in paragraph at lines 2518--2519
[]| [] 
 []


LaTeX Warning: Float too large for page by 63.96043pt on input line 2519.

[88<../ilustracoes/09_JAVANES.jpg>] [89

] [90] [91] [92] [93] [94] [95] [96]
[97] [98] [99] [100

] [101]
<../ilustracoes/10_PRIMAS.jpg, id=337, 421.0932pt x 597.432pt>
File: ../ilustracoes/10_PRIMAS.jpg Graphic file (type jpg)
<use ../ilustracoes/10_PRIMAS.jpg>
Package luatex.def Info: ../ilustracoes/10_PRIMAS.jpg  used on input line 2943.
(luatex.def)             Requested size: 398.33858pt x 565.18701pt.

Overfull \hbox (48.89716pt too wide) in paragraph at lines 2943--2944
[]| [] 
 []


LaTeX Warning: Float too large for page by 63.96043pt on input line 2944.

[102<../ilustracoes/10_PRIMAS.jpg>] [103

] [104] [105] [106] [107] [108]
[109] [110] [111]
<../ilustracoes/11_BRINCOS.jpg, id=369, 421.0932pt x 597.432pt>
File: ../ilustracoes/11_BRINCOS.jpg Graphic file (type jpg)
<use ../ilustracoes/11_BRINCOS.jpg>
Package luatex.def Info: ../ilustracoes/11_BRINCOS.jpg  used on input line 3272.

(luatex.def)             Requested size: 398.33858pt x 565.18701pt.

Overfull \hbox (48.89716pt too wide) in paragraph at lines 3272--3273
[]| [] 
 []


LaTeX Warning: Float too large for page by 63.96043pt on input line 3273.

[112<../ilustracoes/11_BRINCOS.jpg>] [113

] [114] [115] [116] [117]
<../ilustracoes/12_UTIL.jpg, id=388, 421.0932pt x 597.432pt>
File: ../ilustracoes/12_UTIL.jpg Graphic file (type jpg)
<use ../ilustracoes/12_UTIL.jpg>
Package luatex.def Info: ../ilustracoes/12_UTIL.jpg  used on input line 3446.
(luatex.def)             Requested size: 398.33858pt x 565.18701pt.

Overfull \hbox (48.89716pt too wide) in paragraph at lines 3446--3447
[]| [] 
 []


LaTeX Warning: Float too large for page by 63.96043pt on input line 3447.

[118<../ilustracoes/12_UTIL.jpg>] [119

] [120] [121] [122] [123] [124] [125]
<../ilustracoes/13_CARTOMANTE.jpg, id=414, 421.0932pt x 597.432pt>
File: ../ilustracoes/13_CARTOMANTE.jpg Graphic file (type jpg)
<use ../ilustracoes/13_CARTOMANTE.jpg>
Package luatex.def Info: ../ilustracoes/13_CARTOMANTE.jpg  used on input line 37
72.
(luatex.def)             Requested size: 398.33858pt x 565.18701pt.

Overfull \hbox (48.89716pt too wide) in paragraph at lines 3772--3773
[]| [] 
 []


LaTeX Warning: Float too large for page by 63.96043pt on input line 3773.

[126<../ilustracoes/13_CARTOMANTE.jpg>] [127

] [128] [129] [130] [131] [132]
[133] [134] [135] [136] [137

]
<../ilustracoes/14_PLEBISCITO.jpg, id=452, 421.0932pt x 597.432pt>
File: ../ilustracoes/14_PLEBISCITO.jpg Graphic file (type jpg)
<use ../ilustracoes/14_PLEBISCITO.jpg>
Package luatex.def Info: ../ilustracoes/14_PLEBISCITO.jpg  used on input line 41
34.
(luatex.def)             Requested size: 398.33858pt x 565.18701pt.

Overfull \hbox (48.89716pt too wide) in paragraph at lines 4134--4135
[]| [] 
 []


LaTeX Warning: Float too large for page by 63.96043pt on input line 4135.

[138<../ilustracoes/14_PLEBISCITO.jpg>]
LaTeX Font Info:    External font `cmex10' loaded for size
(Font)              <20.74> on input line 4140.
LaTeX Font Info:    External font `cmex10' loaded for size
(Font)              <14.4> on input line 4140.
LaTeX Font Info:    External font `cmex10' loaded for size
(Font)              <12> on input line 4140.
 [139

] [140] [141] [142]
<../ilustracoes/15_ASNEIRAS.jpg, id=469, 421.0932pt x 597.432pt>
File: ../ilustracoes/15_ASNEIRAS.jpg Graphic file (type jpg)
<use ../ilustracoes/15_ASNEIRAS.jpg>
Package luatex.def Info: ../ilustracoes/15_ASNEIRAS.jpg  used on input line 4290
.
(luatex.def)             Requested size: 398.33858pt x 565.18701pt.

Overfull \hbox (48.89716pt too wide) in paragraph at lines 4290--4291
[]| [] 
 []


LaTeX Warning: Float too large for page by 63.96043pt on input line 4291.

[143<../ilustracoes/15_ASNEIRAS.jpg>] [144

] [145] [146] [147] [148

] [149]
<../ilustracoes/16_TRAGEDIA.jpg, id=491, 421.0932pt x 597.432pt>
File: ../ilustracoes/16_TRAGEDIA.jpg Graphic file (type jpg)
<use ../ilustracoes/16_TRAGEDIA.jpg>
Package luatex.def Info: ../ilustracoes/16_TRAGEDIA.jpg  used on input line 4455
.
(luatex.def)             Requested size: 398.33858pt x 565.18701pt.

Overfull \hbox (48.89716pt too wide) in paragraph at lines 4455--4456
[]| [] 
 []


LaTeX Warning: Float too large for page by 63.96043pt on input line 4456.

[150<../ilustracoes/16_TRAGEDIA.jpg>] [151

] [152] [153] [154] [155] [156]
[157] [158] [159] [160] [161]
<../ilustracoes/17_CANARIO.jpg, id=531, 421.0932pt x 597.432pt>
File: ../ilustracoes/17_CANARIO.jpg Graphic file (type jpg)
<use ../ilustracoes/17_CANARIO.jpg>
Package luatex.def Info: ../ilustracoes/17_CANARIO.jpg  used on input line 4895.

(luatex.def)             Requested size: 398.33858pt x 565.18701pt.

Overfull \hbox (48.89716pt too wide) in paragraph at lines 4895--4896
[]| [] 
 []


LaTeX Warning: Float too large for page by 63.96043pt on input line 4896.

[162<../ilustracoes/17_CANARIO.jpg>] [163

] [164]
Underfull \hbox (badness 1221) in paragraph at lines 4993--4997
[]\TU/MinionPro(0)/m/n/10.95 Nisto acor-dou o ve-lho, e veio a mim ar-ras-tando os p
és.
 []

[165] [166] [167]) [168] [169

] (../PARATEXTO.tex [170

] [171] [172] [173]
[174] [175

] [176] [177] [178] [179] [180] [181] [182] [183] [184

] [185]
[186]) (./MP-001.tex [187] [188

] [189] [190] [191

] [192] [193

] [194] [195]
[196] [197] [198] [199] [200] [201] [202] [203] [204] [205] [206

] [207]
[208] [209] [210

] [211] [212] [213] [214
Missing character: There is no ̀ (U+0300) in font MinionPro/I:mode=node;script=
latn;language=dflt;+tlig;+onum;!
Missing character: There is no ́ (U+0301) in font MinionPro:mode=node;script=la
tn;language=dflt;+tlig;+onum;!
Missing character: There is no ́ (U+0301) in font MinionPro:mode=node;script=la
tn;language=dflt;+tlig;+onum;!
] [215] [216] [217] [218] [219]
[220] [221] [222] [223] [224] [225] [226] [227] [228

] [229]
Underfull \hbox (badness 10000) in paragraph at lines 1307--1312
\TU/lmtt/m/n/10.95 scielo.org/id/rxwst/pdf/prado-[]9788579836541-[]03.
 []

[230
Missing character: There is no ́ (U+0301) in font MinionPro:mode=node;script=la
tn;language=dflt;+tlig;+onum;!
Missing character: There is no ̀ (U+0300) in font MinionPro/I:mode=node;script=
latn;language=dflt;+tlig;+onum;!
] [231
Missing character: There is no ́ (U+0301) in font MinionPro:mode=node;script=la
tn;language=dflt;+tlig;+onum;!
] [232
Missing character: There is no ́ (U+0301) in font MinionPro:mode=node;script=la
tn;language=dflt;+tlig;+onum;!
Missing character: There is no ̈ (U+0308) in font MinionPro:mode=node;script=la
tn;language=dflt;+tlig;+onum;!
Missing character: There is no ̧ (U+0327) in font MinionPro:mode=node;script=la
tn;language=dflt;+tlig;+onum;!
Missing character: There is no ̃ (U+0303) in font MinionPro:mode=node;script=la
tn;language=dflt;+tlig;+onum;!
Missing character: There is no ́ (U+0301) in font MinionPro:mode=node;script=la
tn;language=dflt;+tlig;+onum;!
]) (../Z-colofon.tex [233])) [234]

******************************************************
Stock height and width: 845.04684pt by 597.50787pt
Top and edge trims: 56.9055pt and 106.69783pt
Page height and width: 583.2815pt by 384.1122pt
Text height and width: 495pt by 284pt
Spine and edge margins: 48.36966pt and 51.21498pt
Upper and lower margins: 39.83385pt and 48.44765pt
Headheight and headsep: 14.22636pt and 5.69054pt
Footskip: 28.45274pt
Columnsep and columnseprule: 10pt and 0pt
Marginparsep and marginparwidth: 10.95pt and 29.31499pt
Sidecapsep and sidecapwidth: 7pt and 111pt
Sidebarhsep and sidebarwidth: 7pt and 111pt
Sidebarvsep and sidebartopsep: 13.6pt and 0pt
Sidebarheight: 539.9202pt
Sidefoothsep and sidefootwidth: 7pt and 111pt
Sidefootvsep and sidefootheight: 13.6pt and 539.9202pt
******************************************************

\tf@toc=\write6

\openout6 = LIVRO.toc
(./LIVRO.aux (./INPUTS.aux)))

Here is how much of LuaTeX's memory you used:
 14085 strings out of 481315
 100000,953878 words of node,token memory allocated
 2216 words of node memory still in use:
   4 hlist, 1 vlist, 1 rule, 83 glue, 3 kern, 1 glyph, 168 attribute, 192 glue_s
pec, 85 attribute_list, 3 shape, 3 write nodes
   avail lists: 2:1023,3:126,4:66,5:2193,6:33,7:4528,8:64,9:289,10:24,11:475
 30565 multiletter control sequences out of 65536+600000
 103 fonts using 15604059 bytes
 53i,12n,102p,1366b,409s stack positions out of 5000i,500n,10000p,200000b,100000s
{/usr/share/texlive/texmf-dist/fonts/enc/dvips/adforn/OrnementsADF.enc}</usr/sha
re/texmf/fonts/opentype/public/lm/lmmono10-regular.otf></home/editorial/.fonts/M
inionPro-Bold.otf></home/editorial/.fonts/MinionPro-It.otf></home/editorial/.fon
ts/MinionPro-Regular.otf></home/editorial/.fonts/MinionPro-ItCapt.otf></home/edi
torial/.fonts/MinionPro-Capt.otf></home/editorial/.fonts/MinionPro-BoldCapt.otf>
</home/editorial/.fonts/MinionPro-Subh.otf></home/editorial/.fonts/MinionPro-Bol
dDisp.otf></usr/share/texmf/fonts/opentype/public/lm/lmmono8-regular.otf></usr/s
hare/texlive/texmf-dist/fonts/type1/arkandis/adforn/OrnementsADF.pfb></usr/share
/texlive/texmf-dist/fonts/type1/public/amsfonts/cm/cmmi10.pfb></usr/share/texliv
e/texmf-dist/fonts/type1/public/amsfonts/latxfont/lcirclew.pfb>
Output written on LIVRO.pdf (234 pages, 56391860 bytes).

PDF statistics: 839 PDF objects out of 1000 (max. 8388607)
 547 compressed objects within 6 object streams
 0 named destinations out of 1000 (max. 131072)
 1 words of extra memory for PDF output out of 10000 (max. 100000000)

