This is LuaHBTeX, Version 1.14.0 (TeX Live 2022/dev/Debian)  (format=lualatex 2022.9.3)  21 SEP 2022 15:37
 restricted system commands enabled.
**LIVRO.tex
(./LIVRO.tex
LaTeX2e <2021-11-15> patch level 1
Lua module: luaotfload 2021-05-21 3.18 Lua based OpenType font support
Lua module: lualibs 2021-05-20 2.74 ConTeXt Lua standard libraries.
Lua module: lualibs-extended 2021-05-20 2.74 ConTeXt Lua libraries -- extended c
ollection.
luaotfload | conf : Root cache directory is "/home/editorial/.texlive2021/texmf-
var/luatex-cache/generic/names".
luaotfload | init : Loading fontloader "fontloader-2021-05-20.lua" from kpse-res
olved path "/usr/share/texlive/texmf-dist/tex/luatex/luaotfload/fontloader-2021-
05-20.lua".
Lua-only attribute luaotfload@noligature = 1
Lua-only attribute luaotfload@syllabe = 2
luaotfload | init : Context OpenType loader version 3.116
Inserting `luaotfload.node_processor' at position 1 in `pre_linebreak_filter'.
Inserting `luaotfload.node_processor' at position 1 in `hpack_filter'.
Inserting `luaotfload.glyph_stream' at position 1 in `glyph_stream_provider'.
Inserting `luaotfload.define_font' at position 1 in `define_font'.
Lua-only attribute luaotfload_color_attribute = 3
luaotfload | conf : Root cache directory is "/home/editorial/.texlive2021/texmf-
var/luatex-cache/generic/names".
Inserting `luaotfload.harf.strip_prefix' at position 1 in `find_opentype_file'.
Inserting `luaotfload.harf.strip_prefix' at position 1 in `find_truetype_file'.
Inserting `luaotfload.harf.finalize_vlist' at position 1 in `post_linebreak_filt
er'.
Inserting `luaotfload.harf.finalize_hlist' at position 2 in `hpack_filter'.
Inserting `luaotfload.cleanup_files' at position 1 in `wrapup_run'.
Inserting `luaotfload.harf.finalize_unicode' at position 1 in `finish_pdffile'.
Inserting `luaotfload.glyphinfo' at position 1 in `glyph_info'.
Lua-only attribute luaotfload.letterspace_done = 4
Inserting `luaotfload.aux.set_sscale_dimens' at position 1 in `luaotfload.patch_
font'.
Inserting `luaotfload.aux.set_font_index' at position 2 in `luaotfload.patch_fon
t'.
Inserting `luaotfload.aux.patch_cambria_domh' at position 3 in `luaotfload.patch
_font'.
Inserting `luaotfload.aux.fixup_fontdata' at position 1 in `luaotfload.patch_fon
t_unsafe'.
Inserting `luaotfload.aux.set_capheight' at position 4 in `luaotfload.patch_font
'.
Inserting `luaotfload.aux.set_xheight' at position 5 in `luaotfload.patch_font'.
Inserting `luaotfload.rewrite_fontname' at position 6 in `luaotfload.patch_font'
. L3 programming layer <2022-01-21>
Inserting `tracingstacklevels' at position 1 in `input_level_string'.
(/usr/share/texlive/texmf-dist/tex/latex/memoir/memoir.cls
Document Class: memoir 2021/06/16 v3.7p configurable book, report, article docu
ment class
\onelineskip=\skip47
\lxvchars=\skip48
\xlvchars=\skip49
\@memcnta=\count183
\c@@memmarkcntra=\count184
(/usr/share/texlive/texmf-dist/tex/generic/iftex/iftex.sty
Package: iftex 2020/03/06 v1.0d TeX engine tests
)
\stockheight=\skip50
\stockwidth=\skip51
\trimtop=\skip52
\trimedge=\skip53

(/usr/share/texlive/texmf-dist/tex/latex/memoir/mem12.clo
File: mem12.clo 2010/10/19 v0.4b memoir class 12pt size option
luaotfload | db : Font names database loaded from /home/editorial/.texlive2021/t
exmf-var/luatex-cache/generic/names/luaotfload-names.luc)
\binding=\skip54
\spinemargin=\skip55
\foremargin=\skip56
\uppermargin=\skip57
\lowermargin=\skip58
\headdrop=\skip59
\normalrulethickness=\skip60
\mem@maxheadheight=\skip61
\mem@maxfootheight=\skip62
\headwidth=\skip63
\c@storedpagenumber=\count185
\memPD=\dimen137
\m@mabparskip=\skip64
\thanksmarkwidth=\skip65
\thanksmarksep=\skip66
\droptitle=\skip67
\c@book=\count186
\c@part=\count187
\c@chapter=\count188
\c@section=\count189
\c@subsection=\count190
\c@subsubsection=\count191
\c@paragraph=\count192
\c@subparagraph=\count193
\beforechapskip=\skip68
\midchapskip=\skip69
\afterchapskip=\skip70
\chapindent=\skip71
\bottomsectionskip=\skip72
\secindent=\skip73
\beforesecskip=\skip74
\aftersecskip=\skip75
\subsecindent=\skip76
\beforesubsecskip=\skip77
\aftersubsecskip=\skip78
\subsubsecindent=\skip79
\beforesubsubsecskip=\skip80
\aftersubsubsecskip=\skip81
\paraindent=\skip82
\beforeparaskip=\skip83
\afterparaskip=\skip84
\subparaindent=\skip85
\beforesubparaskip=\skip86
\aftersubparaskip=\skip87
\pfbreakskip=\skip88
\c@@ppsavesec=\count194
\c@@ppsaveapp=\count195
\ragrparindent=\dimen138
\everylistparindent=\dimen139
\parsepi=\skip89
\topsepi=\skip90
\itemsepi=\skip91
\parsepii=\skip92
\topsepii=\skip93
\topsepiii=\skip94
\itemsepii=\skip95
\itemsepiii=\skip96
\partopsepii=\skip97
\partopsepiii=\skip98
\m@msavetopsep=\skip99
\m@msavepartopsep=\skip100
\@enLab=\toks16
\abstitleskip=\skip101
\absleftindent=\skip102
\abs@leftindent=\dimen140
\absrightindent=\skip103
\absparindent=\skip104
\absparsep=\skip105
\c@vslineno=\count196
\c@poemline=\count197
\c@modulo@vs=\count198
\c@memfvsline=\count199
\vleftskip=\skip106
\vrightskip=\skip107
\stanzaskip=\skip108
\versewidth=\skip109
\vgap=\skip110
\vindent=\skip111
\vleftmargin=\dimen141
\c@verse=\count266
\c@chrsinstr=\count267
\beforepoemtitleskip=\skip112
\afterpoemtitleskip=\skip113
\c@poem=\count268
\beforePoemTitleskip=\skip114
\midPoemTitleskip=\skip115
\afterPoemTitleskip=\skip116

(/usr/share/texlive/texmf-dist/tex/latex/tools/array.sty
Package: array 2021/10/04 v2.5f Tabular extension package (FMi)
\col@sep=\dimen142
\ar@mcellbox=\box50
\extrarowheight=\dimen143
\NC@list=\toks17
\extratabsurround=\skip117
\backup@length=\skip118
\ar@cellbox=\box51
)
(/usr/share/texlive/texmf-dist/tex/latex/tools/dcolumn.sty
Package: dcolumn 2014/10/28 v1.06 decimal alignment package (DPC)
)
(/usr/share/texlive/texmf-dist/tex/latex/tools/delarray.sty
Package: delarray 2014/10/28 v1.01 array delimiter package (DPC)
)
(/usr/share/texlive/texmf-dist/tex/latex/tools/tabularx.sty
Package: tabularx 2020/01/15 v2.11c `tabularx' package (DPC)
\TX@col@width=\dimen144
\TX@old@table=\dimen145
\TX@old@col=\dimen146
\TX@target=\dimen147
\TX@delta=\dimen148
\TX@cols=\count269
\TX@ftn=\toks18
)
\heavyrulewidth=\dimen149
\lightrulewidth=\dimen150
\cmidrulewidth=\dimen151
\belowrulesep=\dimen152
\belowbottomsep=\dimen153
\aboverulesep=\dimen154
\abovetopsep=\dimen155
\cmidrulesep=\dimen156
\cmidrulekern=\dimen157
\defaultaddspace=\dimen158
\@cmidla=\count270
\@cmidlb=\count271
\@aboverulesep=\dimen159
\@belowrulesep=\dimen160
\@thisruleclass=\count272
\@lastruleclass=\count273
\@thisrulewidth=\dimen161
\ctableftskip=\skip119
\ctabrightskip=\skip120
\abovecolumnspenalty=\count274
\@linestogo=\count275
\@cellstogo=\count276
\@cellsincolumn=\count277
\crtok=\toks19
\@mincolumnwidth=\dimen162
\c@newflo@tctr=\count278
\mem@margin@floatbox=\box52
\@contcwidth=\skip121
\@contindw=\skip122
\abovecaptionskip=\skip123
\belowcaptionskip=\skip124
\subfloattopskip=\skip125
\subfloatcapskip=\skip126
\subfloatcaptopadj=\skip127
\subfloatbottomskip=\skip128
\subfloatlabelskip=\skip129
\subfloatcapmargin=\dimen163
\c@@contsubnum=\count279
\m@mscap@capbox=\box53
\m@mscap@fbox=\box54
\sidecapsep=\dimen164
\sidecapwidth=\dimen165
\m@m@tempdima=\dimen166
\m@mscapraise=\dimen167
\sidecapraise=\dimen168
\m@mscapmainwidth=\dimen169
\m@mscaplkern=\dimen170
\beforeepigraphskip=\skip130
\afterepigraphskip=\skip131
\epigraphwidth=\skip132
\epigraphrule=\skip133
LaTeX Info: Redefining \em on input line 7654.
LaTeX Info: Redefining \emph on input line 7662.
\tocentryskip=\skip134
\tocbaseline=\skip135
\cftparskip=\skip136
\cftbeforebookskip=\skip137
\cftbookindent=\dimen171
\cftbooknumwidth=\dimen172
\cftbeforepartskip=\skip138
\cftpartindent=\skip139
\cftpartnumwidth=\skip140
\cftbeforechapterskip=\skip141
\cftchapterindent=\skip142
\cftchapternumwidth=\skip143
\cftbeforesectionskip=\skip144
\cftsectionindent=\skip145
\cftsectionnumwidth=\skip146
\cftbeforesubsectionskip=\skip147
\cftsubsectionindent=\skip148
\cftsubsectionnumwidth=\skip149
\cftbeforesubsubsectionskip=\skip150
\cftsubsubsectionindent=\skip151
\cftsubsubsectionnumwidth=\skip152
\cftbeforeparagraphskip=\skip153
\cftparagraphindent=\skip154
\cftparagraphnumwidth=\skip155
\cftbeforesubparagraphskip=\skip156
\cftsubparagraphindent=\skip157
\cftsubparagraphnumwidth=\skip158
\prechapterprecisshift=\dimen173
\c@maxsecnumdepth=\count280
\bibindent=\dimen174
\bibitemsep=\skip159
\indexcolsep=\skip160
\indexrule=\skip161
\indexmarkstyle=\toks20
\@indexbox=\insert252
\glossarycolsep=\dimen175
\glossaryrule=\dimen176
\sideparvshift=\skip162
\sideins=\insert251
\sidebartopsep=\skip163
\sidebarhsep=\skip164
\sidebarvsep=\skip165
\sidebarwidth=\skip166
\footmarkwidth=\skip167
\footmarksep=\skip168
\footparindent=\skip169
\footinsdim=\skip170
\footinsv@r=\insert250
\@mpfootinsv@r=\insert249
\m@m@k=\count281
\m@m@h=\dimen177
\m@mipn@skip=\skip171
\sidefootins=\insert248
\sidefootadjust=\skip172
\sidefootheight=\skip173
\sidefoothsep=\skip174
\sidefootvsep=\skip175
\sidefootwidth=\skip176
\m@mdownsf=\skip177
\c@sidefootnote=\count282
\sidefootmarkwidth=\skip178
\sidefootmarksep=\skip179
\sidefootparindent=\skip180
\c@pagenote=\count283
\c@pagenoteshadow=\count284
\mem@pn@lastkern=\skip181
\every@verbatim=\toks21
\afterevery@verbatim=\toks22
\verbatim@line=\toks23
\tab@position=\count285
\verbatim@in@stream=\read2
\verbatimindent=\skip182
\verbatim@out=\write3
\bvboxsep=\skip183
\c@memfbvline=\count286
\c@bvlinectr=\count287
\bvnumlength=\skip184
\fb@frw=\dimen178
\fb@frh=\dimen179
\FrameRule=\dimen180
\FrameSep=\dimen181


LaTeX hooks Warning: Generic hook 'package/before/framed' is deprecated.
(hooks)              Use hook 'package/framed/before' instead.

\c@cp@cntr=\count288
\c@ism@mctr=\count289
\c@xsm@mctr=\count290
\c@csm@mctr=\count291
\c@ksm@mctr=\count292
\c@xksm@mctr=\count293
\c@cksm@mctr=\count294
\c@msm@mctr=\count295
\c@xmsm@mctr=\count296
\c@cmsm@mctr=\count297
\c@bsm@mctr=\count298
\c@workm@mctr=\count299
\c@sheetsequence=\count300
\c@lastsheet=\count301
\c@lastpage=\count302
(/usr/share/texlive/texmf-dist/tex/latex/textcase/textcase.sty
Package: textcase 2019/09/14 v1.00 Text only upper/lower case changing (DPC)
)
\c@figure=\count303
\c@lofdepth=\count304
\cftbeforefigureskip=\skip185
\cftfigureindent=\skip186
\cftfigurenumwidth=\skip187
\c@table=\count305
\c@lotdepth=\count306
\cftbeforetableskip=\skip188
\cfttableindent=\skip189
\cfttablenumwidth=\skip190
Package abstract [2008/07/23] emulated by memoir.
Package appendix [2008/07/23] emulated by memoir.
Package booktabs [2016/05/16] emulated by memoir.
Package ccaption [2008/07/23] emulated by memoir.
Package changepage [2008/07/23] emulated by memoir.
Package chngcntr [2008/07/23] emulated by memoir.
Package chngpage [2008/07/23] emulated by memoir.
Package crop emulated by memoir.
Package enumerate [2008/07/23] emulated by memoir.
Package epigraph [2008/07/23] emulated by memoir.
Package ifmtarg [2008/07/23] emulated by memoir.
Package index [2008/07/23] emulated by memoir.
Package makeidx [2008/07/23] emulated by memoir.
Package moreverb [2008/07/23] emulated by memoir.
Package needspace [2008/07/23] emulated by memoir.
Package newfile [2008/07/23] emulated by memoir.
Package nextpage [2008/07/23] emulated by memoir.
Package pagenote [2008/07/23] emulated by memoir.
Package parskip [2008/07/23] emulated by memoir.
Package patchcmd [2008/07/23] emulated by memoir.
Package setspace [2008/07/23] emulated by memoir.
Package shortvrb [2008/07/23] emulated by memoir.
Package showidx [2008/07/23] emulated by memoir.
Package titleref [2008/07/23] emulated by memoir.
Package titling [2008/07/23] emulated by memoir.
Package tocbibind [2008/07/23] emulated by memoir.
Package tocloft [2008/07/23] emulated by memoir.
Package tocvsec2 [2008/07/23] emulated by memoir.
Package verbatim [2008/07/23] emulated by memoir.
Package verse [2008/07/23] emulated by memoir.


LaTeX hooks Warning: Generic hook 'package/before/float' is deprecated.
(hooks)              Use hook 'package/float/before' instead.

) (/usr/share/texlive/texmf-dist/tex/generic/babel/babel.sty
Package: babel 2022/01/26 3.70 The Babel package

(/usr/share/texlive/texmf-dist/tex/generic/babel/luababel.def
\bbl@readstream=\read3
\l@dumylang=\language2
Package babel Info: Non-standard hyphenation setup on input line 118.
\l@nohyphenation=\language3
\l@latvian=\language4
\l@finnish=\language5
\l@turkmen=\language6
\l@ngerman-x-2021-02-26=\language7
\l@liturgicallatin=\language8
\l@kannada=\language9
\l@irish=\language10
\l@ngerman=\language11
\l@icelandic=\language12
\l@german=\language13
\l@basque=\language14
\l@lithuanian=\language15
\l@indonesian=\language16
\l@slovenian=\language17
\l@pinyin=\language18
\l@coptic=\language19
\l@ukrainian=\language20
\l@churchslavonic=\language21
\l@bengali=\language22
\l@swissgerman=\language23
\l@marathi=\language24
\l@spanish=\language25
\l@gujarati=\language26
\l@esperanto=\language27
\l@galician=\language28
\l@czech=\language29
\l@classiclatin=\language30
\l@kurmanji=\language31
\l@nynorsk=\language32
\l@polish=\language33
\l@slovak=\language34
\l@farsi=\language35
\l@arabic=\language36
\l@sanskrit=\language37
\l@friulan=\language38
\l@ancientgreek=\language39
\l@bokmal=\language40
\l@dutch=\language41
\l@occitan=\language42
\l@oriya=\language43
\l@armenian=\language44
\l@monogreek=\language45
\l@schoolfinnish=\language46
\l@uppersorbian=\language47
\l@telugu=\language48
\l@bulgarian=\language49
\l@panjabi=\language50
\l@malayalam=\language51
\l@romanian=\language52
\l@ukenglish=\language53
\l@greek=\language54
\l@mongolian=\language55
\l@croatian=\language56
\l@russian=\language57
\l@italian=\language58
\l@pali=\language59
\l@swedish=\language60
\l@thai=\language61
\l@macedonian=\language62
\l@georgian=\language63
\l@welsh=\language64
\l@afrikaans=\language65
\l@mongolianlmc=\language66
\l@ethiopic=\language67
\l@french=\language68
\l@estonian=\language69
\l@portuguese=\language70
\l@serbian=\language71
\l@serbianc=\language72
\l@catalan=\language73
\l@danish=\language74
\l@belarusian=\language75
\l@hungarian=\language76
\l@turkish=\language77
\l@piedmontese=\language78
\l@ibycus=\language79
\l@romansh=\language80
\l@usenglishmax=\language81
\l@tamil=\language82
\l@german-x-2021-02-26=\language83
\l@interlingua=\language84
\l@hindi=\language85
\l@assamese=\language86
\l@latin=\language87
\babelcatcodetablenum=\catcodetable12
\bbl@pattcodes=\catcodetable13
)
\babel@savecnt=\count307
\U@D=\dimen182
\l@unhyphenated=\language88

(/usr/share/texlive/texmf-dist/tex/generic/babel/luababel.def
\bbl@attr@locale=\attribute5
)
(/usr/share/texlive/texmf-dist/tex/generic/babel-portuges/brazilian.ldf
Language: portuges 2021/07/09 v1.2t Portuguese support from the babel system
Package babel Info: Hyphen rules for 'brazilian' set to \l@portuguese
(babel)             (\language70). Reported on input line 111.
Package babel Info: Making " an active character on input line 143.

(/usr/share/texlive/texmf-dist/tex/generic/hyph-utf8/loadhyph/loadhyph-pt.tex
UTF-8 Portuguese hyphenation patterns
(/usr/share/texlive/texmf-dist/tex/generic/hyph-utf8/patterns/tex/hyph-pt.tex)))
) (/usr/share/texlive/texmf-dist/tex/latex/anyfontsize/anyfontsize.sty
Package: anyfontsize 2007/11/22 anyfontsize.sty by pts
)
(/usr/share/texlive/texmf-dist/tex/latex/relsize/relsize.sty
Package: relsize 2013/03/29 ver 4.1
)
(/usr/share/texlive/texmf-dist/tex/latex/fontspec/fontspec.sty
(/usr/share/texlive/texmf-dist/tex/latex/l3packages/xparse/xparse.sty
(/usr/share/texlive/texmf-dist/tex/latex/l3kernel/expl3.sty
Package: expl3 2022-01-21 L3 programming layer (loader) 

(/usr/share/texlive/texmf-dist/tex/latex/l3backend/l3backend-luatex.def
File: l3backend-luatex.def 2022-01-12 L3 backend support: PDF output (LuaTeX)
\l__color_backend_stack_int=\count308
\l__pdf_internal_box=\box55
))
Package: xparse 2022-01-12 L3 Experimental document command parser
)
Package: fontspec 2022/01/15 v2.8a Font selection for XeLaTeX and LuaLaTeX
Lua module: fontspec 2022/01/15 2.8a Font selection for XeLaTeX and LuaLaTeX
(/usr/share/texlive/texmf-dist/tex/latex/fontspec/fontspec-luatex.sty
Package: fontspec-luatex 2022/01/15 v2.8a Font selection for XeLaTeX and LuaLaT
eX
\l__fontspec_script_int=\count309
\l__fontspec_language_int=\count310
\l__fontspec_strnum_int=\count311
\l__fontspec_tmp_int=\count312
\l__fontspec_tmpa_int=\count313
\l__fontspec_tmpb_int=\count314
\l__fontspec_tmpc_int=\count315
\l__fontspec_em_int=\count316
\l__fontspec_emdef_int=\count317
\l__fontspec_strong_int=\count318
\l__fontspec_strongdef_int=\count319
\l__fontspec_tmpa_dim=\dimen183
\l__fontspec_tmpb_dim=\dimen184
\l__fontspec_tmpc_dim=\dimen185

(/usr/share/texlive/texmf-dist/tex/latex/base/fontenc.sty
Package: fontenc 2021/04/29 v2.0v Standard LaTeX package
)
(/usr/share/texlive/texmf-dist/tex/latex/fontspec/fontspec.cfg)))
(/usr/share/texlive/texmf-dist/tex/latex/lipsum/lipsum.sty
(/usr/share/texlive/texmf-dist/tex/latex/l3packages/l3keys2e/l3keys2e.sty
Package: l3keys2e 2022-01-12 LaTeX2e option processing using LaTeX3 keys
)
Package: lipsum 2021-09-20 v2.7 150 paragraphs of Lorem Ipsum dummy text
\g__lipsum_par_int=\count320
\l__lipsum_a_int=\count321
\l__lipsum_b_int=\count322

(/usr/share/texlive/texmf-dist/tex/latex/lipsum/lipsum.ltd.tex))
(/usr/share/texlive/texmf-dist/tex/latex/base/alltt.sty
Package: alltt 2021/01/29 v2.0g defines alltt environment
)
(/usr/share/texlive/texmf-dist/tex/latex/graphics/graphicx.sty
Package: graphicx 2021/09/16 v1.2d Enhanced LaTeX Graphics (DPC,SPQR)

(/usr/share/texlive/texmf-dist/tex/latex/graphics/keyval.sty
Package: keyval 2014/10/28 v1.15 key=value parser (DPC)
\KV@toks@=\toks24
)
(/usr/share/texlive/texmf-dist/tex/latex/graphics/graphics.sty
Package: graphics 2021/03/04 v1.4d Standard LaTeX Graphics (DPC,SPQR)

(/usr/share/texlive/texmf-dist/tex/latex/graphics/trig.sty
Package: trig 2021/08/11 v1.11 sin cos tan (DPC)
)
(/usr/share/texlive/texmf-dist/tex/latex/graphics-cfg/graphics.cfg
File: graphics.cfg 2016/06/04 v1.11 sample graphics configuration
)
Package graphics Info: Driver file: luatex.def on input line 107.

(/usr/share/texlive/texmf-dist/tex/latex/graphics-def/luatex.def
File: luatex.def 2021/06/01 v1.2c Graphics/color driver for luatex
))
\Gin@req@height=\dimen186
\Gin@req@width=\dimen187
)
(/usr/share/texlive/texmf-dist/tex/latex/float/float.sty
Package: float 2001/11/08 v1.3d Float enhancements (AL)
\c@float@type=\count323
\float@exts=\toks25
\float@box=\box56
\@float@everytoks=\toks26
\@floatcapt=\box57
)
(/usr/share/texlive/texmf-dist/tex/latex/lettrine/lettrine.sty
File: lettrine.sty 2020-03-14 v2.23 (Daniel Flipo)

(/usr/share/texlive/texmf-dist/tex/generic/minifp/minifp.sty
Package: minifp 2013/12/30 v0.96. Macros for real number operations and a stack
-based programing language.
\MFP@loopctr=\count324
)
\c@DefaultLines=\count325
\c@DefaultDepth=\count326
\DefaultFindent=\dimen188
\DefaultNindent=\dimen189
\DefaultSlope=\dimen190
\DiscardVskip=\dimen191
\L@lbox=\box58
\L@tbox=\box59
\c@L@lines=\count327
\c@L@depth=\count328
\L@Pindent=\dimen192
\L@Findent=\dimen193
\L@Nindent=\dimen194
\L@lraise=\dimen195
\L@first=\dimen196
\L@next=\dimen197
\L@slope=\dimen198
\L@height=\dimen199
\L@novskip=\dimen256
\L@target@ht=\dimen257
\L@target@dp=\dimen258
\L@target@tht=\dimen259
\LettrineWidth=\dimen260
\LettrineHeight=\dimen261
\LettrineDepth=\dimen262
\Llist@everypar=\toks27

Loading lettrine.cfg
(/usr/share/texlive/texmf-dist/tex/latex/lettrine/lettrine.cfg))
(/usr/share/texlive/texmf-dist/tex/latex/comment/comment.sty
\CommentStream=\write4

Excluding comment 'comment')
(/usr/share/texlive/texmf-dist/tex/latex/adforn/adforn.sty
Package: adforn 2019/10/13 v1.1b adforn CFR

(/usr/share/texlive/texmf-dist/tex/latex/psnfss/pifont.sty
Package: pifont 2020/03/25 PSNFSS-v9.3 Pi font support (SPQR) 
LaTeX Font Info:    Trying to load font information for U+pzd on input line 63.


(/usr/share/texlive/texmf-dist/tex/latex/psnfss/upzd.fd
File: upzd.fd 2001/06/04 font definitions for U/pzd.
)
LaTeX Font Info:    Trying to load font information for U+psy on input line 64.


(/usr/share/texlive/texmf-dist/tex/latex/psnfss/upsy.fd
File: upsy.fd 2001/06/04 font definitions for U/psy.
))
LaTeX Font Info:    Trying to load font information for U+OrnementsADF on input
 line 4.

(/usr/share/texlive/texmf-dist/tex/latex/adforn/uornementsadf.fd))
(/usr/share/texlive/texmf-dist/tex/latex/xcolor/xcolor.sty
Package: xcolor 2021/10/31 v2.13 LaTeX color extensions (UK)

(/usr/share/texlive/texmf-dist/tex/latex/graphics-cfg/color.cfg
File: color.cfg 2016/01/02 v1.6 sample color configuration
)
Package xcolor Info: Driver file: luatex.def on input line 227.
Package xcolor Info: Model `cmy' substituted by `cmy0' on input line 1352.
Package xcolor Info: Model `hsb' substituted by `rgb' on input line 1356.
Package xcolor Info: Model `RGB' extended on input line 1368.
Package xcolor Info: Model `HTML' substituted by `rgb' on input line 1370.
Package xcolor Info: Model `Hsb' substituted by `hsb' on input line 1371.
Package xcolor Info: Model `tHsb' substituted by `hsb' on input line 1372.
Package xcolor Info: Model `HSB' substituted by `hsb' on input line 1373.
Package xcolor Info: Model `Gray' substituted by `gray' on input line 1374.
Package xcolor Info: Model `wave' substituted by `hsb' on input line 1375.
)
(/usr/share/texlive/texmf-dist/tex/latex/microtype/microtype.sty
Package: microtype 2021/12/10 v3.0b Micro-typographical refinements (RS)

(/usr/share/texlive/texmf-dist/tex/latex/etoolbox/etoolbox.sty
Package: etoolbox 2020/10/05 v2.5k e-TeX tools for LaTeX (JAW)
\etb@tempcnta=\count329
)
\MT@toks=\toks28
\MT@count=\count330
\MT@tempbox=\box60
LaTeX Info: Redefining \leftprotrusion on input line 1010.
LaTeX Info: Redefining \rightprotrusion on input line 1018.
LaTeX Info: Redefining \textls on input line 1173.
\MT@outer@kern=\dimen263
LaTeX Info: Redefining \textmicrotypecontext on input line 1759.
\MT@listname@count=\count331

(/usr/share/texlive/texmf-dist/tex/latex/microtype/microtype-luatex.def
File: microtype-luatex.def 2021/12/10 v3.0b Definitions specific to luatex (RS)

Lua module: microtype 2021/12/10 3.0b microtype module.
Module microtype Info: overwriting function `keepligature' on input line 63
LaTeX Info: Redefining \lsstyle on input line 685.
LaTeX Info: Redefining \lslig on input line 685.
\MT@outer@space=\skip191
)
Package microtype Info: Loading configuration file microtype.cfg.

(/usr/share/texlive/texmf-dist/tex/latex/microtype/microtype.cfg
File: microtype.cfg 2021/12/10 v3.0b microtype main configuration file (RS)
))
(/usr/share/texlive/texmf-dist/tex/latex/enumitem/enumitem.sty
Package: enumitem 2019/06/20 v3.9 Customized lists
\labelindent=\skip192
\enit@outerparindent=\dimen264
\enit@toks=\toks29
\enit@inbox=\box61
\enit@count@id=\count332
\enitdp@description=\count333
)
(/usr/share/texlive/texmf-dist/tex/latex/marginnote/marginnote.sty
Package: marginnote 2018/08/09 v1.4b non floating margin notes for LaTeX
\c@mn@abspage=\count334
)
(/usr/share/texlive/texmf-dist/tex/latex/titlesec/titlesec.sty
Package: titlesec 2021/07/05 v2.14 Sectioning titles
\ttl@box=\box62
\beforetitleunit=\skip193
\aftertitleunit=\skip194
\ttl@plus=\dimen265
\ttl@minus=\dimen266
\ttl@toksa=\toks30
\titlewidth=\dimen267
\titlewidthlast=\dimen268
\titlewidthfirst=\dimen269
)
(/usr/share/texlive/texmf-dist/tex/latex/url/url.sty
\Urlmuskip=\muskip16
Package: url 2013/09/16  ver 3.4  Verb mode for urls, etc.
) (./edlab-penalties.sty)
(../edlab-logos/edlab-logos.sty) (./edlab-toc.sty) (./edlab-extra.sty
(/usr/share/texlive/texmf-dist/tex/latex/imakeidx/imakeidx.sty
Package: imakeidx 2016/10/15 v1.3e Package for typesetting indices in a synchro
nous mode

(/usr/share/texlive/texmf-dist/tex/latex/xkeyval/xkeyval.sty
Package: xkeyval 2020/11/20 v2.8 package option processing (HA)

(/usr/share/texlive/texmf-dist/tex/generic/xkeyval/xkeyval.tex
(/usr/share/texlive/texmf-dist/tex/generic/xkeyval/xkvutils.tex
\XKV@toks=\toks31
\XKV@tempa@toks=\toks32
)
\XKV@depth=\count335
File: xkeyval.tex 2014/12/03 v2.7a key=value parser (HA)
))
(/usr/share/texlive/texmf-dist/tex/generic/iftex/ifxetex.sty
Package: ifxetex 2019/10/25 v0.7 ifxetex legacy package. Use iftex instead.
)
(/usr/share/texlive/texmf-dist/tex/generic/iftex/ifluatex.sty
Package: ifluatex 2019/10/25 v1.5 ifluatex legacy package. Use iftex instead.
)
(/usr/share/texlive/texmf-dist/tex/latex/tools/multicol.sty
Package: multicol 2021/10/28 v1.9b multicolumn formatting (FMi)
\c@tracingmulticols=\count336
\mult@box=\box63
\multicol@leftmargin=\dimen270
\c@unbalance=\count337
\c@collectmore=\count338
\doublecol@number=\count339
\multicoltolerance=\count340
\multicolpretolerance=\count341
\full@width=\dimen271
\page@free=\dimen272
\premulticols=\dimen273
\postmulticols=\dimen274
\multicolsep=\skip195
\multicolbaselineskip=\skip196
\partial@page=\box64
\last@line=\box65
\maxbalancingoverflow=\dimen275
\mult@rightbox=\box66
\mult@grightbox=\box67
\mult@firstbox=\box68
\mult@gfirstbox=\box69
\@tempa=\box70
\@tempa=\box71
\@tempa=\box72
\@tempa=\box73
\@tempa=\box74
\@tempa=\box75
\@tempa=\box76
\@tempa=\box77
\@tempa=\box78
\@tempa=\box79
\@tempa=\box80
\@tempa=\box81
\@tempa=\box82
\@tempa=\box83
\@tempa=\box84
\@tempa=\box85
\@tempa=\box86
\@tempa=\box87
\@tempa=\box88
\@tempa=\box89
\@tempa=\box90
\@tempa=\box91
\@tempa=\box92
\@tempa=\box93
\@tempa=\box94
\@tempa=\box95
\@tempa=\box96
\@tempa=\box97
\@tempa=\box98
\@tempa=\box99
\@tempa=\box100
\@tempa=\box101
\@tempa=\box102
\@tempa=\box103
\@tempa=\box104
\@tempa=\box105
\c@minrows=\count342
\c@columnbadness=\count343
\c@finalcolumnbadness=\count344
\last@try=\dimen276
\multicolovershoot=\dimen277
\multicolundershoot=\dimen278
\mult@nat@firstbox=\box106
\colbreak@box=\box107
\mc@col@check@num=\count345
))
\LIVRO@idxfile=\write5

\openout5 = LIVRO.idx

Writing index file LIVRO.idx
) (./edlab-margins.sty

Class memoir Warning: \marginparsep is zero or negative on input line 164.


******************************************************
Stock height and width: 845.04684pt by 597.50787pt
Top and edge trims: 56.9055pt and 106.69783pt
Page height and width: 583.2815pt by 384.1122pt
Text height and width: 490.5pt by 284pt
Spine and edge margins: 48.36966pt and 51.21498pt
Upper and lower margins: 39.83385pt and 52.94765pt
Headheight and headsep: 14.22636pt and 5.69054pt
Footskip: 28.45274pt
Columnsep and columnseprule: 10pt and 0pt
Marginparsep and marginparwidth: 0pt and 71.13188pt
Sidecapsep and sidecapwidth: 7pt and 102pt
Sidebarhsep and sidebarwidth: 7pt and 102pt
Sidebarvsep and sidebartopsep: 14.5pt and 0pt
Sidebarheight: 546.64995pt
Sidefoothsep and sidefootwidth: 7pt and 102pt
Sidefootvsep and sidefootheight: 14.5pt and 546.64995pt
******************************************************

) (./edlab-sections.sty) (./edlab-footnotes.sty
(/usr/share/texlive/texmf-dist/tex/latex/ncctools/manyfoot.sty
Package: manyfoot 2019/08/03 v1.11 Many Footnote Levels Package (NCC)

(/usr/share/texlive/texmf-dist/tex/latex/ncctools/nccfoots.sty
Package: nccfoots 2005/02/03 v1.2 NCC Footnotes Package (NCC)
)
\MFL@columnwidth=\dimen279
\footglue=\skip197
)
(/usr/share/texlive/texmf-dist/tex/latex/footmisc/footmisc.sty
Package: footmisc 2011/06/06 v5.5b a miscellany of footnote facilities
\FN@temptoken=\toks33
\footnotemargin=\dimen280


LaTeX Warning: Command \@makecol  has changed.
               Check if current package is valid.

\c@pp@next@reset=\count346

LaTeX Warning: Command \@footnotemark  has changed.
               Check if current package is valid.

Package footmisc Info: Declaring symbol style bringhurst on input line 855.
Package footmisc Info: Declaring symbol style chicago on input line 863.
Package footmisc Info: Declaring symbol style wiley on input line 872.
Package footmisc Info: Declaring symbol style lamport-robust on input line 883.

Package footmisc Info: Declaring symbol style lamport* on input line 903.
Package footmisc Info: Declaring symbol style lamport*-robust on input line 924
.
)) (./hedrasides.sty
Package: hedrasides 2008/12/15 v1.9 extensão hedra da classe sides.cls
 (/usr/share/texlive/texmf-dist/tex/latex/base/ifthen.sty
Package: ifthen 2020/11/24 v1.1c Standard LaTeX ifthen package (DPC)
)
\c@act=\count347
\c@scene=\count348
)
luaotfload | aux : font no 24 (nil) does not define feature smcp for script latn
 with language dflt

Package fontspec Info: Font family 'Lato-Regular.ttf(0)' created for font
(fontspec)             'Lato-Regular.ttf' with options [].
(fontspec)              
(fontspec)              This font family consists of the following NFSS
(fontspec)             series/shapes:
(fontspec)              
(fontspec)             - 'normal' (m/n) with NFSS spec.:
(fontspec)             <->"[Lato-Regular.ttf]:mode=node;script=latn;language=df
lt;"
(fontspec)             - 'small caps'  (m/sc) with NFSS spec.: 

luaotfload | aux : font no 27 (nil) does not define feature smcp for script latn
 with language dflt

Package fontspec Info: Font family 'Lato-Black.ttf(0)' created for font
(fontspec)             'Lato-Black.ttf' with options [].
(fontspec)              
(fontspec)              This font family consists of the following NFSS
(fontspec)             series/shapes:
(fontspec)              
(fontspec)             - 'normal' (m/n) with NFSS spec.:
(fontspec)             <->"[Lato-Black.ttf]:mode=node;script=latn;language=dflt
;"
(fontspec)             - 'small caps'  (m/sc) with NFSS spec.: 

luaotfload | cache : Lookup cache loaded from /home/editorial/.texlive2021/texmf
-var/luatex-cache/generic/names/luaotfload-lookup-cache.luc.

Package fontspec Info: Font family 'LinuxLibertineO(0)' created for font
(fontspec)             'Linux Libertine O' with options
(fontspec)             [Ligatures=TeX,Ligatures=TeX,Numbers=OldStyle].
(fontspec)              
(fontspec)              This font family consists of the following NFSS
(fontspec)             series/shapes:
(fontspec)              
(fontspec)             - 'normal' (m/n) with NFSS spec.:
(fontspec)             <->"LinuxLibertineO:mode=node;script=latn;language=dflt;
+tlig;+onum;"
(fontspec)             - 'small caps'  (m/sc) with NFSS spec.:
(fontspec)             <->"LinuxLibertineO:mode=node;script=latn;language=dflt;
+tlig;+onum;+smcp;"
(fontspec)             - 'bold' (b/n) with NFSS spec.:
(fontspec)             <->"LinuxLibertineO/B:mode=node;script=latn;language=dfl
t;+tlig;+onum;"
(fontspec)             - 'bold small caps'  (b/sc) with NFSS spec.:
(fontspec)             <->"LinuxLibertineO/B:mode=node;script=latn;language=dfl
t;+tlig;+onum;+smcp;"
(fontspec)             - 'italic' (m/it) with NFSS spec.:
(fontspec)             <->"LinuxLibertineO/I:mode=node;script=latn;language=dfl
t;+tlig;+onum;"
(fontspec)             - 'italic small caps'  (m/scit) with NFSS spec.:
(fontspec)             <->"LinuxLibertineO/I:mode=node;script=latn;language=dfl
t;+tlig;+onum;+smcp;"
(fontspec)             - 'bold italic' (b/it) with NFSS spec.:
(fontspec)             <->"LinuxLibertineO/BI:mode=node;script=latn;language=df
lt;+tlig;+onum;"
(fontspec)             - 'bold italic small caps'  (b/scit) with NFSS spec.:
(fontspec)             <->"LinuxLibertineO/BI:mode=node;script=latn;language=df
lt;+tlig;+onum;+smcp;"

(./LIVRO.aux (./INPUTS.aux))
\openout1 = LIVRO.aux

LaTeX Font Info:    Checking defaults for OML/cmm/m/it on input line 73.
LaTeX Font Info:    ... okay on input line 73.
LaTeX Font Info:    Checking defaults for OMS/cmsy/m/n on input line 73.
LaTeX Font Info:    ... okay on input line 73.
LaTeX Font Info:    Checking defaults for OT1/cmr/m/n on input line 73.
LaTeX Font Info:    ... okay on input line 73.
LaTeX Font Info:    Checking defaults for T1/cmr/m/n on input line 73.
LaTeX Font Info:    ... okay on input line 73.
LaTeX Font Info:    Checking defaults for TS1/cmr/m/n on input line 73.
LaTeX Font Info:    Trying to load font information for TS1+cmr on input line 7
3.

(/usr/share/texlive/texmf-dist/tex/latex/base/ts1cmr.fd
File: ts1cmr.fd 2019/12/16 v2.5j Standard LaTeX font definitions
)
LaTeX Font Info:    ... okay on input line 73.
LaTeX Font Info:    Checking defaults for TU/lmr/m/n on input line 73.
LaTeX Font Info:    ... okay on input line 73.
LaTeX Font Info:    Checking defaults for OMX/cmex/m/n on input line 73.
LaTeX Font Info:    ... okay on input line 73.
LaTeX Font Info:    Checking defaults for U/cmr/m/n on input line 73.
LaTeX Font Info:    ... okay on input line 73.

Package fontspec Info: Adjusting the maths setup (use [no-math] to avoid
(fontspec)             this).

\symlegacymaths=\mathgroup4
LaTeX Font Info:    Overwriting symbol font `legacymaths' in version `bold'
(Font)                  OT1/cmr/m/n --> OT1/cmr/bx/n on input line 73.
LaTeX Font Info:    Redeclaring math accent \acute on input line 73.
LaTeX Font Info:    Redeclaring math accent \grave on input line 73.
LaTeX Font Info:    Redeclaring math accent \ddot on input line 73.
LaTeX Font Info:    Redeclaring math accent \tilde on input line 73.
LaTeX Font Info:    Redeclaring math accent \bar on input line 73.
LaTeX Font Info:    Redeclaring math accent \breve on input line 73.
LaTeX Font Info:    Redeclaring math accent \check on input line 73.
LaTeX Font Info:    Redeclaring math accent \hat on input line 73.
LaTeX Font Info:    Redeclaring math accent \dot on input line 73.
LaTeX Font Info:    Redeclaring math accent \mathring on input line 73.
LaTeX Font Info:    Redeclaring math symbol \colon on input line 73.
LaTeX Font Info:    Redeclaring math symbol \Gamma on input line 73.
LaTeX Font Info:    Redeclaring math symbol \Delta on input line 73.
LaTeX Font Info:    Redeclaring math symbol \Theta on input line 73.
LaTeX Font Info:    Redeclaring math symbol \Lambda on input line 73.
LaTeX Font Info:    Redeclaring math symbol \Xi on input line 73.
LaTeX Font Info:    Redeclaring math symbol \Pi on input line 73.
LaTeX Font Info:    Redeclaring math symbol \Sigma on input line 73.
LaTeX Font Info:    Redeclaring math symbol \Upsilon on input line 73.
LaTeX Font Info:    Redeclaring math symbol \Phi on input line 73.
LaTeX Font Info:    Redeclaring math symbol \Psi on input line 73.
LaTeX Font Info:    Redeclaring math symbol \Omega on input line 73.
LaTeX Font Info:    Redeclaring math symbol \mathdollar on input line 73.
LaTeX Font Info:    Redeclaring symbol font `operators' on input line 73.
LaTeX Font Info:    Encoding `OT1' has changed to `TU' for symbol font
(Font)              `operators' in the math version `normal' on input line 73.
LaTeX Font Info:    Overwriting symbol font `operators' in version `normal'
(Font)                  OT1/cmr/m/n --> TU/LinuxLibertineO(0)/m/n on input line
 73.
LaTeX Font Info:    Encoding `OT1' has changed to `TU' for symbol font
(Font)              `operators' in the math version `bold' on input line 73.
LaTeX Font Info:    Overwriting symbol font `operators' in version `bold'
(Font)                  OT1/cmr/bx/n --> TU/LinuxLibertineO(0)/m/n on input lin
e 73.
LaTeX Font Info:    Overwriting symbol font `operators' in version `normal'
(Font)                  TU/LinuxLibertineO(0)/m/n --> TU/LinuxLibertineO(0)/m/n
 on input line 73.
LaTeX Font Info:    Overwriting math alphabet `\mathit' in version `normal'
(Font)                  OT1/cmr/m/it --> TU/LinuxLibertineO(0)/m/it on input li
ne 73.
LaTeX Font Info:    Overwriting math alphabet `\mathbf' in version `normal'
(Font)                  OT1/cmr/bx/n --> TU/LinuxLibertineO(0)/b/n on input lin
e 73.
LaTeX Font Info:    Overwriting math alphabet `\mathsf' in version `normal'
(Font)                  OT1/cmss/m/n --> TU/lmss/m/n on input line 73.
LaTeX Font Info:    Overwriting math alphabet `\mathtt' in version `normal'
(Font)                  OT1/cmtt/m/n --> TU/lmtt/m/n on input line 73.
LaTeX Font Info:    Overwriting symbol font `operators' in version `bold'
(Font)                  TU/LinuxLibertineO(0)/m/n --> TU/LinuxLibertineO(0)/b/n
 on input line 73.
LaTeX Font Info:    Overwriting math alphabet `\mathit' in version `bold'
(Font)                  OT1/cmr/bx/it --> TU/LinuxLibertineO(0)/b/it on input l
ine 73.
LaTeX Font Info:    Overwriting math alphabet `\mathsf' in version `bold'
(Font)                  OT1/cmss/bx/n --> TU/lmss/b/n on input line 73.
LaTeX Font Info:    Overwriting math alphabet `\mathtt' in version `bold'
(Font)                  OT1/cmtt/m/n --> TU/lmtt/b/n on input line 73.

(/usr/share/texlive/texmf-dist/tex/context/base/mkii/supp-pdf.mkii
[Loading MPS to PDF converter (version 2006.09.02).]
\scratchcounter=\count349
\scratchdimen=\dimen281
\scratchbox=\box108
\nofMPsegments=\count350
\nofMParguments=\count351
\everyMPshowfont=\toks34
\MPscratchCnt=\count352
\MPscratchDim=\dimen282
\MPnumerator=\count353
\makeMPintoPDFobject=\count354
\everyMPtoPDFconversion=\toks35
) (/usr/share/texlive/texmf-dist/tex/latex/epstopdf-pkg/epstopdf-base.sty
Package: epstopdf-base 2020-01-24 v2.11 Base part for package epstopdf

(/usr/share/texlive/texmf-dist/tex/generic/infwarerr/infwarerr.sty
Package: infwarerr 2019/12/03 v1.5 Providing info/warning/error messages (HO)
)
(/usr/share/texlive/texmf-dist/tex/latex/grfext/grfext.sty
Package: grfext 2019/12/03 v1.3 Manage graphics extensions (HO)

(/usr/share/texlive/texmf-dist/tex/generic/kvdefinekeys/kvdefinekeys.sty
Package: kvdefinekeys 2019-12-19 v1.6 Define keys (HO)
))
(/usr/share/texlive/texmf-dist/tex/latex/kvoptions/kvoptions.sty
Package: kvoptions 2020-10-07 v3.14 Key value format for package options (HO)

(/usr/share/texlive/texmf-dist/tex/generic/ltxcmds/ltxcmds.sty
Package: ltxcmds 2020-05-10 v1.25 LaTeX kernel commands for general use (HO)
)
(/usr/share/texlive/texmf-dist/tex/generic/kvsetkeys/kvsetkeys.sty
Package: kvsetkeys 2019/12/15 v1.18 Key value parser (HO)
))
(/usr/share/texlive/texmf-dist/tex/generic/pdftexcmds/pdftexcmds.sty
Package: pdftexcmds 2020-06-27 v0.33 Utility functions of pdfTeX for LuaTeX (HO
)
Package pdftexcmds Info: \pdf@primitive is available.
Package pdftexcmds Info: \pdf@ifprimitive is available.
Package pdftexcmds Info: \pdfdraftmode found.
\pdftexcmds@toks=\toks36
)
Package epstopdf-base Info: Redefining graphics rule for `.eps' on input line 4
85.
Package grfext Info: Graphics extension search list:
(grfext)             [.pdf,.png,.jpg,.mps,.jpeg,.jbig2,.jb2,.PDF,.PNG,.JPG,.JPE
G,.JBIG2,.JB2,.eps]
(grfext)             \AppendGraphicsExtensions on input line 504.

(/usr/share/texlive/texmf-dist/tex/latex/latexconfig/epstopdf-sys.cfg
File: epstopdf-sys.cfg 2010/07/13 v1.3 Configuration of (r)epstopdf for TeX Liv
e
))
LaTeX Info: Redefining \microtypecontext on input line 73.
Package microtype Info: Applying patch `item' on input line 73.
Package microtype Info: Applying patch `toc' on input line 73.
Package microtype Info: Applying patch `eqnum' on input line 73.


Package microtype Warning: Unable to apply patch `footnote' on input line 73.

Package microtype Info: Generating PDF output.
Package microtype Info: Character protrusion enabled (level 2).
Package microtype Info: Using default protrusion set `alltext'.
Package microtype Info: Automatic font expansion enabled (level 2),
(microtype)             stretch: 20, shrink: 20, step: 1, non-selected.
Package microtype Info: Using default expansion set `alltext-nott'.
LaTeX Info: Redefining \showhyphens on input line 73.
Package microtype Info: No adjustment of tracking.
Package microtype Info: No adjustment of spacing.
Package microtype Info: No adjustment of kerning.
Package microtype Info: Redefining babel's language switching commands.
Package microtype Info: Loading generic protrusion settings for font family
(microtype)             `LinuxLibertineO' (encoding: TU).
(microtype)             For optimal results, create family-specific settings.
(microtype)             See the microtype manual for details.

\openout2 = INPUTS.aux
(./INPUTS.tex (./1-fronte.tex
Package microtype Info: Loading generic protrusion settings for font family
(microtype)             `Lato-Black.ttf' (encoding: TU).
(microtype)             For optimal results, create family-specific settings.
(microtype)             See the microtype manual for details.


LaTeX Font Warning: Font shape `TU/Lato-Black.ttf(0)/b/n' undefined
(Font)              using `TU/Lato-Black.ttf(0)/m/n' instead on input line 38.

) [1{/var/lib/texmf/fonts/map/pdftex/updmap/pdftex.map}


] (./2-creditos.tex
Underfull \hbox (badness 10000) in paragraph at lines 8--13

 []


Underfull \hbox (badness 10000) in paragraph at lines 14--19

 []


Underfull \hbox (badness 10000) in paragraph at lines 25--26

 []


Underfull \hbox (badness 10000) in paragraph at lines 38--39

 []


Underfull \hbox (badness 10000) in paragraph at lines 40--41

 []


Underfull \hbox (badness 10000) in paragraph at lines 42--43

 []

) [2] (./3-rosto.tex
<../edlab-logos/logoayllon.png, id=14, 484.81125pt x 484.81125pt>
File: ../edlab-logos/logoayllon.png Graphic file (type png)
<use ../edlab-logos/logoayllon.png>
Package luatex.def Info: ../edlab-logos/logoayllon.png  used on input line 63.
(luatex.def)             Requested size: 56.9055pt x 56.90244pt.
) [3<../edlab-logos/logoayllon.png>] [4] (./LIVRO.toc
LaTeX Font Info:    External font `cmex10' loaded for size
(Font)              <7> on input line 29.
LaTeX Font Info:    External font `cmex10' loaded for size
(Font)              <5> on input line 29.

(/usr/share/texlive/texmf-dist/tex/latex/microtype/mt-cmr.cfg
File: mt-cmr.cfg 2013/05/19 v2.2 microtype config. file: Computer Modern Roman 
(RS)
) [5]) [6]
(./TEXTO.tex

Class memoir Warning: The material used in the headers is too large
(14.49998pt) for the given head height (14.22636pt), it is recommended to
either increase the head height or redesign the header
(in both cases you will find help in the memoir manual). on input line 49.


Overfull \vbox (0.27362pt too high) has occurred while \output is active []


[7


]
Overfull \vbox (0.27362pt too high) has occurred while \output is active []


[8]

LaTeX Font Warning: Font shape `TU/Lato-Black.ttf(0)/m/sc' undefined
(Font)              using `TU/Lato-Black.ttf(0)/m/n' instead on input line 58.

[9

]
<./ilustracoes/01_RAPOSO.jpg, id=36, 421.0932pt x 597.432pt>
File: ./ilustracoes/01_RAPOSO.jpg Graphic file (type jpg)
<use ./ilustracoes/01_RAPOSO.jpg>
Package luatex.def Info: ./ilustracoes/01_RAPOSO.jpg  used on input line 65.
(luatex.def)             Requested size: 284.0pt x 402.94836pt.
 [10<./ilustracoes/01_RAPOSO.jpg>]
Package microtype Info: Loading generic protrusion settings for font family
(microtype)             `Lato-Regular.ttf' (encoding: TU).
(microtype)             For optimal results, create family-specific settings.
(microtype)             See the microtype manual for details.

Overfull \vbox (0.27362pt too high) has occurred while \output is active []


[11

]
LaTeX Font Info:    External font `cmex10' loaded for size
(Font)              <12> on input line 138.
LaTeX Font Info:    External font `cmex10' loaded for size
(Font)              <8> on input line 138.
LaTeX Font Info:    External font `cmex10' loaded for size
(Font)              <6> on input line 138.

Overfull \vbox (0.27362pt too high) has occurred while \output is active []


[12]
Overfull \vbox (0.27362pt too high) has occurred while \output is active []


[13]
Overfull \vbox (0.27362pt too high) has occurred while \output is active []


[14]
Overfull \vbox (0.27362pt too high) has occurred while \output is active []


[15]
Overfull \vbox (0.27362pt too high) has occurred while \output is active []


[16]
Overfull \vbox (0.27362pt too high) has occurred while \output is active []


[17]
Overfull \vbox (0.27362pt too high) has occurred while \output is active []


[18]
Overfull \vbox (0.27362pt too high) has occurred while \output is active []


[19]
Overfull \vbox (0.27362pt too high) has occurred while \output is active []


[20]
Overfull \vbox (0.27362pt too high) has occurred while \output is active []


[21]
Overfull \vbox (0.27362pt too high) has occurred while \output is active []


[22]
Overfull \vbox (0.27362pt too high) has occurred while \output is active []


[23]
Overfull \vbox (0.27362pt too high) has occurred while \output is active []


[24]
Overfull \vbox (0.27362pt too high) has occurred while \output is active []


[25]
<./ilustracoes/02_ESCOLA.jpg, id=88, 421.0932pt x 597.432pt>
File: ./ilustracoes/02_ESCOLA.jpg Graphic file (type jpg)
<use ./ilustracoes/02_ESCOLA.jpg>
Package luatex.def Info: ./ilustracoes/02_ESCOLA.jpg  used on input line 570.
(luatex.def)             Requested size: 284.0pt x 402.94836pt.
 [26<./ilustracoes/02_ESCOLA.jpg>]
Overfull \vbox (0.27362pt too high) has occurred while \output is active []


[27

]
Overfull \vbox (0.27362pt too high) has occurred while \output is active []


[28]
Overfull \vbox (0.27362pt too high) has occurred while \output is active []


[29]
Overfull \vbox (0.27362pt too high) has occurred while \output is active []


[30]
Overfull \vbox (0.27362pt too high) has occurred while \output is active []


[31]
Overfull \vbox (0.27362pt too high) has occurred while \output is active []


[32]
Overfull \vbox (0.27362pt too high) has occurred while \output is active []


[33]
Overfull \vbox (0.27362pt too high) has occurred while \output is active []


[34]
Overfull \vbox (0.27362pt too high) has occurred while \output is active []


[35]
Overfull \vbox (0.27362pt too high) has occurred while \output is active []


[36]
Overfull \vbox (0.27362pt too high) has occurred while \output is active []


[37]
<./ilustracoes/03_DIRETOR.jpg, id=126, 421.0932pt x 597.432pt>
File: ./ilustracoes/03_DIRETOR.jpg Graphic file (type jpg)
<use ./ilustracoes/03_DIRETOR.jpg>
Package luatex.def Info: ./ilustracoes/03_DIRETOR.jpg  used on input line 926.
(luatex.def)             Requested size: 284.0pt x 402.94836pt.
 [38<./ilustracoes/03_DIRETOR.jpg>]
Overfull \vbox (0.27362pt too high) has occurred while \output is active []


[39

]
Inserting `luaotfload.letterspace' at position 2 in `pre_linebreak_filter'.
Inserting `luaotfload.letterspace' at position 3 in `hpack_filter'.
Overfull \vbox (0.27362pt too high) has occurred while \output is active []


[40]
Overfull \vbox (0.27362pt too high) has occurred while \output is active []


[41] [42]
<./ilustracoes/04_PE.jpg, id=143, 421.0932pt x 597.432pt>
File: ./ilustracoes/04_PE.jpg Graphic file (type jpg)
<use ./ilustracoes/04_PE.jpg>
Package luatex.def Info: ./ilustracoes/04_PE.jpg  used on input line 1027.
(luatex.def)             Requested size: 284.0pt x 402.94836pt.
 [43<./ilustracoes/04_PE.jpg>] [44

]
Overfull \vbox (0.27362pt too high) has occurred while \output is active []


[45] [46

] [47]
<./ilustracoes/05_DONA.jpg, id=159, 421.0932pt x 597.432pt>
File: ./ilustracoes/05_DONA.jpg Graphic file (type jpg)
<use ./ilustracoes/05_DONA.jpg>
Package luatex.def Info: ./ilustracoes/05_DONA.jpg  used on input line 1060.
(luatex.def)             Requested size: 284.0pt x 402.94836pt.
 [48<./ilustracoes/05_DONA.jpg>]
Overfull \vbox (0.27362pt too high) has occurred while \output is active []


[49

]
Overfull \vbox (0.27362pt too high) has occurred while \output is active []


[50]
Overfull \vbox (0.27362pt too high) has occurred while \output is active []


[51]
Overfull \vbox (0.27362pt too high) has occurred while \output is active []


[52]
Overfull \vbox (0.27362pt too high) has occurred while \output is active []


[53]
Overfull \vbox (0.27362pt too high) has occurred while \output is active []


[54]
Overfull \vbox (0.27362pt too high) has occurred while \output is active []


[55]
Overfull \vbox (0.27362pt too high) has occurred while \output is active []


[56]
Overfull \vbox (0.27362pt too high) has occurred while \output is active []


[57]
Overfull \vbox (0.27362pt too high) has occurred while \output is active []


[58] [59]
<./ilustracoes/06_FISCO.jpg, id=198, 421.0932pt x 597.432pt>
File: ./ilustracoes/06_FISCO.jpg Graphic file (type jpg)
<use ./ilustracoes/06_FISCO.jpg>
Package luatex.def Info: ./ilustracoes/06_FISCO.jpg  used on input line 1422.
(luatex.def)             Requested size: 284.0pt x 402.94836pt.
 [60<./ilustracoes/06_FISCO.jpg>]

LaTeX Font Warning: Font shape `TU/Lato-Regular.ttf(0)/m/sc' undefined
(Font)              using `TU/Lato-Regular.ttf(0)/m/n' instead on input line 14
28.


Overfull \vbox (0.27362pt too high) has occurred while \output is active []


[61

]
Overfull \vbox (0.27362pt too high) has occurred while \output is active []


[62]
Overfull \vbox (0.27362pt too high) has occurred while \output is active []


[63]
Overfull \vbox (0.27362pt too high) has occurred while \output is active []


[64]
Overfull \vbox (0.27362pt too high) has occurred while \output is active []


[65]
Overfull \vbox (0.27362pt too high) has occurred while \output is active []


[66]
Overfull \vbox (0.27362pt too high) has occurred while \output is active []


[67]
Overfull \vbox (0.27362pt too high) has occurred while \output is active []


[68]
Overfull \vbox (0.27362pt too high) has occurred while \output is active []


[69]
Overfull \vbox (0.27362pt too high) has occurred while \output is active []


[70]
Overfull \vbox (0.27362pt too high) has occurred while \output is active []


[71] [72]
<./ilustracoes/07_GALERIA.jpg, id=240, 421.0932pt x 597.432pt>
File: ./ilustracoes/07_GALERIA.jpg Graphic file (type jpg)
<use ./ilustracoes/07_GALERIA.jpg>
Package luatex.def Info: ./ilustracoes/07_GALERIA.jpg  used on input line 1838.

(luatex.def)             Requested size: 284.0pt x 402.94836pt.
 [73<./ilustracoes/07_GALERIA.jpg>] [74

]
Overfull \vbox (0.27362pt too high) has occurred while \output is active []


[75]
Overfull \vbox (0.27362pt too high) has occurred while \output is active []


[76]
Overfull \vbox (0.27362pt too high) has occurred while \output is active []


[77]
Overfull \vbox (0.27362pt too high) has occurred while \output is active []


[78]
Overfull \vbox (0.27362pt too high) has occurred while \output is active []


[79]
Overfull \vbox (0.27362pt too high) has occurred while \output is active []


[80]
Overfull \vbox (0.27362pt too high) has occurred while \output is active []


[81]
Overfull \vbox (0.27362pt too high) has occurred while \output is active []


[82]
Overfull \vbox (0.27362pt too high) has occurred while \output is active []


[83]
Overfull \vbox (0.27362pt too high) has occurred while \output is active []


[84]
Overfull \vbox (0.27362pt too high) has occurred while \output is active []


[85]
<./ilustracoes/08_PEQUENINOS.jpg, id=281, 421.0932pt x 597.432pt>
File: ./ilustracoes/08_PEQUENINOS.jpg Graphic file (type jpg)
<use ./ilustracoes/08_PEQUENINOS.jpg>
Package luatex.def Info: ./ilustracoes/08_PEQUENINOS.jpg  used on input line 21
65.
(luatex.def)             Requested size: 284.0pt x 402.94836pt.
 [86<./ilustracoes/08_PEQUENINOS.jpg>]
Overfull \vbox (0.27362pt too high) has occurred while \output is active []


[87

]
Overfull \vbox (0.27362pt too high) has occurred while \output is active []


[88]
Overfull \vbox (0.27362pt too high) has occurred while \output is active []


[89]
Overfull \vbox (0.27362pt too high) has occurred while \output is active []


[90]
Overfull \vbox (0.27362pt too high) has occurred while \output is active []


[91]
Overfull \vbox (0.27362pt too high) has occurred while \output is active []


[92]
Overfull \vbox (0.27362pt too high) has occurred while \output is active []


[93]
Overfull \vbox (0.27362pt too high) has occurred while \output is active []


[94]
Overfull \vbox (0.27362pt too high) has occurred while \output is active []


[95]
Overfull \vbox (0.27362pt too high) has occurred while \output is active []


[96]
Overfull \vbox (0.27362pt too high) has occurred while \output is active []


[97]
Overfull \vbox (0.27362pt too high) has occurred while \output is active []


[98] [99]
<./ilustracoes/09_JAVANES.jpg, id=325, 421.0932pt x 597.432pt>
File: ./ilustracoes/09_JAVANES.jpg Graphic file (type jpg)
<use ./ilustracoes/09_JAVANES.jpg>
Package luatex.def Info: ./ilustracoes/09_JAVANES.jpg  used on input line 2583.

(luatex.def)             Requested size: 284.0pt x 402.94836pt.
 [100<./ilustracoes/09_JAVANES.jpg>]
Overfull \vbox (0.27362pt too high) has occurred while \output is active []


[101

]
Overfull \vbox (0.27362pt too high) has occurred while \output is active []


[102]
Overfull \vbox (0.27362pt too high) has occurred while \output is active []


[103]
Overfull \vbox (0.27362pt too high) has occurred while \output is active []


[104]
Overfull \vbox (0.27362pt too high) has occurred while \output is active []


[105]
Overfull \vbox (0.27362pt too high) has occurred while \output is active []


[106]
Overfull \vbox (0.27362pt too high) has occurred while \output is active []


[107]
Overfull \vbox (0.27362pt too high) has occurred while \output is active []


[108]
Overfull \vbox (0.27362pt too high) has occurred while \output is active []


[109]
Overfull \vbox (0.27362pt too high) has occurred while \output is active []


[110]
Overfull \vbox (0.27362pt too high) has occurred while \output is active []


[111]
Overfull \vbox (0.27362pt too high) has occurred while \output is active []


[112] [113

]
<./ilustracoes/10_PRIMAS.jpg, id=371, 421.0932pt x 597.432pt>
File: ./ilustracoes/10_PRIMAS.jpg Graphic file (type jpg)
<use ./ilustracoes/10_PRIMAS.jpg>
Package luatex.def Info: ./ilustracoes/10_PRIMAS.jpg  used on input line 3009.
(luatex.def)             Requested size: 284.0pt x 402.94836pt.
 [114<./ilustracoes/10_PRIMAS.jpg>]
Overfull \vbox (0.27362pt too high) has occurred while \output is active []


[115

]
Overfull \vbox (0.27362pt too high) has occurred while \output is active []


[116]
Overfull \vbox (0.27362pt too high) has occurred while \output is active []


[117]
Overfull \vbox (0.27362pt too high) has occurred while \output is active []


[118]
Overfull \vbox (0.27362pt too high) has occurred while \output is active []


[119]
Overfull \vbox (0.27362pt too high) has occurred while \output is active []


[120]
Overfull \vbox (0.27362pt too high) has occurred while \output is active []


[121]
Overfull \vbox (0.27362pt too high) has occurred while \output is active []


[122]
Overfull \vbox (0.27362pt too high) has occurred while \output is active []


[123]
Overfull \vbox (0.27362pt too high) has occurred while \output is active []


[124]
Overfull \vbox (0.27362pt too high) has occurred while \output is active []


[125]
<./ilustracoes/11_BRINCOS.jpg, id=409, 421.0932pt x 597.432pt>
File: ./ilustracoes/11_BRINCOS.jpg Graphic file (type jpg)
<use ./ilustracoes/11_BRINCOS.jpg>
Package luatex.def Info: ./ilustracoes/11_BRINCOS.jpg  used on input line 3339.

(luatex.def)             Requested size: 284.0pt x 402.94836pt.
 [126<./ilustracoes/11_BRINCOS.jpg>]
Overfull \vbox (0.27362pt too high) has occurred while \output is active []


[127

]
Overfull \vbox (0.27362pt too high) has occurred while \output is active []


[128]
Overfull \vbox (0.27362pt too high) has occurred while \output is active []


[129]
Overfull \vbox (0.27362pt too high) has occurred while \output is active []


[130]
Underfull \hbox (badness 1168) in paragraph at lines 3484--3495
[]\TU/LinuxLibertineO(0)/m/n/12 Sa-tis-feito por ha-ver acal-mado o dis-túr-bio
, No-nato
 []


Overfull \vbox (0.27362pt too high) has occurred while \output is active []


[131]
<./ilustracoes/12_UTIL.jpg, id=429, 421.0932pt x 597.432pt>
File: ./ilustracoes/12_UTIL.jpg Graphic file (type jpg)
<use ./ilustracoes/12_UTIL.jpg>
Package luatex.def Info: ./ilustracoes/12_UTIL.jpg  used on input line 3514.
(luatex.def)             Requested size: 284.0pt x 402.94836pt.
 [132<./ilustracoes/12_UTIL.jpg>]
Overfull \vbox (0.27362pt too high) has occurred while \output is active []


[133

]
Overfull \vbox (0.27362pt too high) has occurred while \output is active []


[134]
Overfull \vbox (0.27362pt too high) has occurred while \output is active []


[135]
Overfull \vbox (0.27362pt too high) has occurred while \output is active []


[136]
Overfull \vbox (0.27362pt too high) has occurred while \output is active []


[137]
Overfull \vbox (0.27362pt too high) has occurred while \output is active []


[138]
Overfull \vbox (0.27362pt too high) has occurred while \output is active []


[139]
Overfull \vbox (0.27362pt too high) has occurred while \output is active []


[140]
<./ilustracoes/13_CARTOMANTE.jpg, id=457, 421.0932pt x 597.432pt>
File: ./ilustracoes/13_CARTOMANTE.jpg Graphic file (type jpg)
<use ./ilustracoes/13_CARTOMANTE.jpg>
Package luatex.def Info: ./ilustracoes/13_CARTOMANTE.jpg  used on input line 38
41.
(luatex.def)             Requested size: 284.0pt x 402.94836pt.
 [141<./ilustracoes/13_CARTOMANTE.jpg>] [142

]
Overfull \vbox (0.27362pt too high) has occurred while \output is active []


[143]
Overfull \vbox (0.27362pt too high) has occurred while \output is active []


[144]
Overfull \vbox (0.27362pt too high) has occurred while \output is active []


[145]
Overfull \vbox (0.27362pt too high) has occurred while \output is active []


[146]
Overfull \vbox (0.27362pt too high) has occurred while \output is active []


[147]
Overfull \vbox (0.27362pt too high) has occurred while \output is active []


[148]
Overfull \vbox (0.27362pt too high) has occurred while \output is active []


[149]
Overfull \vbox (0.27362pt too high) has occurred while \output is active []


[150]
Overfull \vbox (0.27362pt too high) has occurred while \output is active []


[151]
Overfull \vbox (0.27362pt too high) has occurred while \output is active []


[152]
Overfull \vbox (0.27362pt too high) has occurred while \output is active []


[153] [154

] [155]
<./ilustracoes/14_PLEBISCITO.jpg, id=506, 421.0932pt x 597.432pt>
File: ./ilustracoes/14_PLEBISCITO.jpg Graphic file (type jpg)
<use ./ilustracoes/14_PLEBISCITO.jpg>
Package luatex.def Info: ./ilustracoes/14_PLEBISCITO.jpg  used on input line 42
04.
(luatex.def)             Requested size: 284.0pt x 402.94836pt.
 [156<./ilustracoes/14_PLEBISCITO.jpg>]
LaTeX Font Info:    External font `cmex10' loaded for size
(Font)              <20.74> on input line 4210.
LaTeX Font Info:    External font `cmex10' loaded for size
(Font)              <14.4> on input line 4210.

Overfull \vbox (0.27362pt too high) has occurred while \output is active []


[157

]
Overfull \vbox (0.27362pt too high) has occurred while \output is active []


[158]
Overfull \vbox (0.27362pt too high) has occurred while \output is active []


[159]
Overfull \vbox (0.27362pt too high) has occurred while \output is active []


[160]
<./ilustracoes/15_ASNEIRAS.jpg, id=522, 421.0932pt x 597.432pt>
File: ./ilustracoes/15_ASNEIRAS.jpg Graphic file (type jpg)
<use ./ilustracoes/15_ASNEIRAS.jpg>
Package luatex.def Info: ./ilustracoes/15_ASNEIRAS.jpg  used on input line 4361
.
(luatex.def)             Requested size: 284.0pt x 402.94836pt.
 [161<./ilustracoes/15_ASNEIRAS.jpg>] [162

]
Overfull \vbox (0.27362pt too high) has occurred while \output is active []


[163]
Overfull \vbox (0.27362pt too high) has occurred while \output is active []


[164]
Overfull \vbox (0.27362pt too high) has occurred while \output is active []


[165]
Overfull \vbox (0.27362pt too high) has occurred while \output is active []


[166] [167

]
<./ilustracoes/16_TRAGEDIA.jpg, id=545, 421.0932pt x 597.432pt>
File: ./ilustracoes/16_TRAGEDIA.jpg Graphic file (type jpg)
<use ./ilustracoes/16_TRAGEDIA.jpg>
Package luatex.def Info: ./ilustracoes/16_TRAGEDIA.jpg  used on input line 4527
.
(luatex.def)             Requested size: 284.0pt x 402.94836pt.
 [168<./ilustracoes/16_TRAGEDIA.jpg>]
Overfull \vbox (0.27362pt too high) has occurred while \output is active []


[169

]
Overfull \vbox (0.27362pt too high) has occurred while \output is active []


[170]
Overfull \vbox (0.27362pt too high) has occurred while \output is active []


[171]
Overfull \vbox (0.27362pt too high) has occurred while \output is active []


[172]
Overfull \vbox (0.27362pt too high) has occurred while \output is active []


[173]
Overfull \vbox (0.27362pt too high) has occurred while \output is active []


[174]
Overfull \vbox (0.27362pt too high) has occurred while \output is active []


[175]
Overfull \vbox (0.27362pt too high) has occurred while \output is active []


[176]
Overfull \vbox (0.27362pt too high) has occurred while \output is active []


[177]
Overfull \vbox (0.27362pt too high) has occurred while \output is active []


[178]
Overfull \vbox (0.27362pt too high) has occurred while \output is active []


[179]
Overfull \vbox (0.27362pt too high) has occurred while \output is active []


[180]
Overfull \vbox (0.27362pt too high) has occurred while \output is active []


[181]
<./ilustracoes/17_CANARIO.jpg, id=590, 421.0932pt x 597.432pt>
File: ./ilustracoes/17_CANARIO.jpg Graphic file (type jpg)
<use ./ilustracoes/17_CANARIO.jpg>
Package luatex.def Info: ./ilustracoes/17_CANARIO.jpg  used on input line 4968.

(luatex.def)             Requested size: 284.0pt x 402.94836pt.
 [182<./ilustracoes/17_CANARIO.jpg>]
Overfull \vbox (0.27362pt too high) has occurred while \output is active []


[183

]
Overfull \vbox (0.27362pt too high) has occurred while \output is active []


[184]
Overfull \vbox (0.27362pt too high) has occurred while \output is active []


[185]
Overfull \vbox (0.27362pt too high) has occurred while \output is active []


[186]
Overfull \vbox (0.27362pt too high) has occurred while \output is active []


[187])
Overfull \vbox (0.27362pt too high) has occurred while \output is active []


[188] [189

] (./PARATEXTO.tex [190

]
Overfull \vbox (0.27362pt too high) has occurred while \output is active []


[191]
Overfull \vbox (0.27362pt too high) has occurred while \output is active []


[192]
Overfull \vbox (0.27362pt too high) has occurred while \output is active []


[193] [194

]
Overfull \vbox (0.27362pt too high) has occurred while \output is active []


[195]
Overfull \vbox (0.27362pt too high) has occurred while \output is active []


[196]
Overfull \vbox (0.27362pt too high) has occurred while \output is active []


[197]
Overfull \vbox (0.27362pt too high) has occurred while \output is active []


[198]
Overfull \vbox (0.27362pt too high) has occurred while \output is active []


[199]
Overfull \vbox (0.27362pt too high) has occurred while \output is active []


[200]
Overfull \vbox (0.27362pt too high) has occurred while \output is active []


[201]
Overfull \vbox (0.27362pt too high) has occurred while \output is active []


[202]
Overfull \vbox (0.27362pt too high) has occurred while \output is active []


[203]
Overfull \vbox (0.27362pt too high) has occurred while \output is active []


[204]
Overfull \vbox (0.27362pt too high) has occurred while \output is active []


[205] [206

]
Overfull \vbox (0.27362pt too high) has occurred while \output is active []


[207]
Overfull \vbox (0.27362pt too high) has occurred while \output is active []


[208])
Overfull \vbox (0.27362pt too high) has occurred while \output is active []


[209] (./Z-colofon.tex
Overfull \vbox (0.27362pt too high) has occurred while \output is active []


[210])) [211]

******************************************************
Stock height and width: 845.04684pt by 597.50787pt
Top and edge trims: 56.9055pt and 106.69783pt
Page height and width: 583.2815pt by 384.1122pt
Text height and width: 492pt by 284pt
Spine and edge margins: 48.36966pt and 51.21498pt
Upper and lower margins: 39.83385pt and 51.44765pt
Headheight and headsep: 14.22636pt and 5.69054pt
Footskip: 28.45274pt
Columnsep and columnseprule: 10pt and 0pt
Marginparsep and marginparwidth: 12pt and 27.21498pt
Sidecapsep and sidecapwidth: 7pt and 102pt
Sidebarhsep and sidebarwidth: 7pt and 102pt
Sidebarvsep and sidebartopsep: 14.5pt and 0pt
Sidebarheight: 546.64995pt
Sidefoothsep and sidefootwidth: 7pt and 102pt
Sidefootvsep and sidefootheight: 14.5pt and 546.64995pt
******************************************************


Class memoir Warning: The material used in the headers is too large
(14.49998pt) for the given head height (14.22636pt), it is recommended to
either increase the head height or redesign the header
(in both cases you will find help in the memoir manual). on input line 80.

\tf@toc=\write6

\openout6 = LIVRO.toc
(./LIVRO.aux (./INPUTS.aux))

LaTeX Font Warning: Some font shapes were not available, defaults substituted.

)

Here is how much of LuaTeX's memory you used:
 15322 strings out of 477805
 125311,953878 words of node,token memory allocated
 2288 words of node memory still in use:
   5 hlist, 1 vlist, 1 rule, 1 local_par, 85 glue, 3 kern, 1 penalty, 3 glyph, 1
74 attribute, 193 glue_spec, 88 attribute_list, 3 shape, 4 write nodes
   avail lists: 2:1015,3:205,4:63,5:619,6:68,7:5562,8:2,9:500,10:21,11:565
 35204 multiletter control sequences out of 65536+600000
 93 fonts using 22614119 bytes
 68i,18n,97p,1363b,323s stack positions out of 5000i,500n,10000p,200000b,80000s
{/usr/share/texlive/texmf-dist/fonts/enc/dvips/adforn/OrnementsADF.enc}</usr/sha
re/texlive/texmf-dist/fonts/truetype/typoland/lato/Lato-Regular.ttf></usr/share/
texlive/texmf-dist/fonts/opentype/public/libertine/LinLibertine_RI.otf></usr/sha
re/texlive/texmf-dist/fonts/opentype/public/libertine/LinLibertine_R.otf></usr/s
hare/texlive/texmf-dist/fonts/opentype/public/libertine/LinLibertine_RB.otf></us
r/share/texlive/texmf-dist/fonts/truetype/typoland/lato/Lato-Black.ttf></usr/sha
re/texlive/texmf-dist/fonts/type1/arkandis/adforn/OrnementsADF.pfb></usr/share/t
exlive/texmf-dist/fonts/type1/public/amsfonts/latxfont/lcirclew.pfb>
Output written on LIVRO.pdf (211 pages, 56171257 bytes).

PDF statistics: 729 PDF objects out of 1000 (max. 8388607)
 476 compressed objects within 5 object streams
 0 named destinations out of 1000 (max. 131072)
 1 words of extra memory for PDF output out of 10000 (max. 100000000)

